\BOOKMARK [1][-]{section*.1}{\376\377\000A\000b\000s\000t\000r\000a\000c\000t}{}% 1
\BOOKMARK [1][-]{section.1}{\376\377\0001\000\040\000I\000n\000t\000r\000o\000d\000u\000c\000t\000i\000o\000n}{}% 2
\BOOKMARK [1][-]{section.2}{\376\377\0002\000\040\000S\000c\000o\000p\000e\000\040\000a\000n\000d\000\040\000R\000e\000v\000i\000e\000w\000\040\000M\000e\000t\000h\000o\000d}{}% 3
\BOOKMARK [2][-]{subsection.2.1}{\376\377\0002\000.\0001\000\040\000S\000c\000o\000p\000e\000\040\000a\000n\000d\000\040\000S\000o\000u\000r\000c\000e\000\040\000T\000i\000e\000r\000s}{section.2}% 4
\BOOKMARK [2][-]{subsection.2.2}{\376\377\0002\000.\0002\000\040\000E\000v\000i\000d\000e\000n\000c\000e\000\040\000C\000o\000d\000i\000n\000g}{section.2}% 5
\BOOKMARK [2][-]{subsection.2.3}{\376\377\0002\000.\0003\000\040\000C\000l\000a\000i\000m\000\040\000P\000o\000l\000i\000c\000y}{section.2}% 6
\BOOKMARK [1][-]{section.3}{\376\377\0003\000\040\000D\000R\000L\000\040\000i\000n\000\040\000t\000h\000e\000\040\000R\000e\000a\000l\000-\000T\000i\000m\000e\000\040\000C\000o\000n\000t\000r\000o\000l\000\040\000S\000t\000a\000c\000k}{}% 7
\BOOKMARK [2][-]{subsection.3.1}{\376\377\0003\000.\0001\000\040\000D\000i\000r\000e\000c\000t\000\040\000P\000o\000l\000i\000c\000y\000\040\000C\000o\000n\000t\000r\000o\000l}{section.3}% 8
\BOOKMARK [2][-]{subsection.3.2}{\376\377\0003\000.\0002\000\040\000H\000y\000b\000r\000i\000d\000\040\000a\000n\000d\000\040\000A\000s\000s\000i\000s\000t\000i\000v\000e\000\040\000C\000o\000n\000t\000r\000o\000l}{section.3}% 9
\BOOKMARK [2][-]{subsection.3.3}{\376\377\0003\000.\0003\000\040\000M\000u\000l\000t\000i\000-\000A\000g\000e\000n\000t\000\040\000C\000o\000o\000r\000d\000i\000n\000a\000t\000i\000o\000n}{section.3}% 10
\BOOKMARK [1][-]{section.4}{\376\377\0004\000\040\000A\000l\000g\000o\000r\000i\000t\000h\000m\000i\000c\000\040\000F\000a\000m\000i\000l\000i\000e\000s\000\040\000T\000h\000r\000o\000u\000g\000h\000\040\000C\000o\000n\000t\000r\000o\000l\000\040\000I\000n\000t\000e\000r\000f\000a\000c\000e\000s}{}% 11
\BOOKMARK [2][-]{subsection.4.1}{\376\377\0004\000.\0001\000\040\000V\000a\000l\000u\000e\000-\000B\000a\000s\000e\000d\000\040\000M\000e\000t\000h\000o\000d\000s\000:\000\040\000D\000i\000s\000c\000r\000e\000t\000e\000\040\000A\000c\000t\000i\000o\000n\000s\000,\000\040\000O\000f\000f\000-\000P\000o\000l\000i\000c\000y\000\040\000L\000e\000a\000r\000n\000i\000n\000g}{section.4}% 12
\BOOKMARK [2][-]{subsection.4.2}{\376\377\0004\000.\0002\000\040\000P\000o\000l\000i\000c\000y\000-\000G\000r\000a\000d\000i\000e\000n\000t\000\040\000a\000n\000d\000\040\000A\000c\000t\000o\000r\000-\000C\000r\000i\000t\000i\000c\000\040\000M\000e\000t\000h\000o\000d\000s\000:\000\040\000C\000o\000n\000t\000i\000n\000u\000o\000u\000s\000\040\000A\000c\000t\000i\000o\000n\000s}{section.4}% 13
\BOOKMARK [2][-]{subsection.4.3}{\376\377\0004\000.\0003\000\040\000M\000o\000d\000e\000l\000-\000I\000n\000f\000o\000r\000m\000e\000d\000\040\000a\000n\000d\000\040\000M\000o\000d\000e\000l\000-\000B\000a\000s\000e\000d\000\040\000R\000L}{section.4}% 14
\BOOKMARK [2][-]{subsection.4.4}{\376\377\0004\000.\0004\000\040\000M\000u\000l\000t\000i\000-\000A\000g\000e\000n\000t\000\040\000R\000L}{section.4}% 15
\BOOKMARK [1][-]{section.5}{\376\377\0005\000\040\000D\000e\000p\000l\000o\000y\000m\000e\000n\000t\000-\000C\000e\000n\000t\000e\000r\000e\000d\000\040\000T\000a\000x\000o\000n\000o\000m\000y}{}% 16
\BOOKMARK [1][-]{section.6}{\376\377\0006\000\040\000S\000a\000f\000e\000t\000y\000,\000\040\000S\000t\000a\000b\000i\000l\000i\000t\000y\000,\000\040\000a\000n\000d\000\040\000C\000e\000r\000t\000i\000f\000i\000c\000a\000t\000i\000o\000n}{}% 17
\BOOKMARK [2][-]{subsection.6.1}{\376\377\0006\000.\0001\000\040\000L\000e\000v\000e\000l\000\040\0000\000:\000\040\000R\000e\000w\000a\000r\000d\000-\000O\000n\000l\000y\000\040\000P\000e\000n\000a\000l\000t\000y}{section.6}% 18
\BOOKMARK [2][-]{subsection.6.2}{\376\377\0006\000.\0002\000\040\000L\000e\000v\000e\000l\000\040\0001\000:\000\040\000C\000o\000n\000s\000t\000r\000a\000i\000n\000e\000d\000\040\000A\000c\000t\000i\000o\000n\000\040\000S\000e\000t}{section.6}% 19
\BOOKMARK [2][-]{subsection.6.3}{\376\377\0006\000.\0003\000\040\000L\000e\000v\000e\000l\000\040\0002\000:\000\040\000R\000o\000b\000u\000s\000t\000-\000C\000o\000n\000t\000r\000o\000l\000\040\000W\000r\000a\000p\000p\000e\000r}{section.6}% 20
\BOOKMARK [2][-]{subsection.6.4}{\376\377\0006\000.\0004\000\040\000L\000e\000v\000e\000l\000\040\0003\000:\000\040\000L\000y\000a\000p\000u\000n\000o\000v\000\040\000a\000n\000d\000\040\000B\000a\000r\000r\000i\000e\000r\000\040\000C\000e\000r\000t\000i\000f\000i\000c\000a\000t\000e\000s}{section.6}% 21
\BOOKMARK [2][-]{subsection.6.5}{\376\377\0006\000.\0005\000\040\000L\000e\000v\000e\000l\000\040\0004\000:\000\040\000R\000u\000n\000t\000i\000m\000e\000\040\000S\000h\000i\000e\000l\000d\000i\000n\000g\000\040\000a\000n\000d\000\040\000F\000a\000l\000l\000b\000a\000c\000k\000\040\000C\000o\000n\000t\000r\000o\000l}{section.6}% 22
\BOOKMARK [2][-]{subsection.6.6}{\376\377\0006\000.\0006\000\040\000L\000e\000v\000e\000l\000\040\0005\000:\000\040\000P\000o\000s\000t\000-\000T\000r\000a\000i\000n\000i\000n\000g\000\040\000V\000a\000l\000i\000d\000a\000t\000i\000o\000n\000\040\000a\000n\000d\000\040\000S\000t\000r\000e\000s\000s\000\040\000T\000e\000s\000t\000i\000n\000g}{section.6}% 23
\BOOKMARK [2][-]{subsection.6.7}{\376\377\0006\000.\0007\000\040\000W\000h\000e\000n\000\040\000N\000o\000t\000\040\000t\000o\000\040\000U\000s\000e\000\040\000D\000R\000L}{section.6}% 24
\BOOKMARK [1][-]{section.7}{\376\377\0007\000\040\000S\000i\000m\000-\000t\000o\000-\000R\000e\000a\000l\000\040\000a\000n\000d\000\040\000D\000e\000p\000l\000o\000y\000m\000e\000n\000t\000\040\000R\000e\000a\000d\000i\000n\000e\000s\000s}{}% 25
\BOOKMARK [2][-]{subsection.7.1}{\376\377\0007\000.\0001\000\040\000V\000a\000l\000i\000d\000a\000t\000i\000o\000n\000\040\000M\000a\000t\000u\000r\000i\000t\000y\000\040\000L\000a\000d\000d\000e\000r}{section.7}% 26
\BOOKMARK [2][-]{subsection.7.2}{\376\377\0007\000.\0002\000\040\000T\000r\000a\000n\000s\000f\000e\000r\000\040\000C\000h\000a\000l\000l\000e\000n\000g\000e\000s}{section.7}% 27
\BOOKMARK [1][-]{section.8}{\376\377\0008\000\040\000C\000o\000m\000p\000u\000t\000a\000t\000i\000o\000n\000a\000l\000\040\000E\000f\000f\000i\000c\000i\000e\000n\000c\000y}{}% 28
\BOOKMARK [2][-]{subsection.8.1}{\376\377\0008\000.\0001\000\040\000O\000f\000f\000l\000i\000n\000e\000\040\000T\000r\000a\000i\000n\000i\000n\000g\000\040\000C\000o\000s\000t}{section.8}% 29
\BOOKMARK [2][-]{subsection.8.2}{\376\377\0008\000.\0002\000\040\000O\000n\000l\000i\000n\000e\000\040\000I\000n\000f\000e\000r\000e\000n\000c\000e\000\040\000L\000a\000t\000e\000n\000c\000y}{section.8}% 30
\BOOKMARK [2][-]{subsection.8.3}{\376\377\0008\000.\0003\000\040\000M\000e\000m\000o\000r\000y\000\040\000F\000o\000o\000t\000p\000r\000i\000n\000t}{section.8}% 31
\BOOKMARK [2][-]{subsection.8.4}{\376\377\0008\000.\0004\000\040\000O\000n\000l\000i\000n\000e\000\040\000A\000d\000a\000p\000t\000a\000t\000i\000o\000n\000\040\000a\000n\000d\000\040\000R\000e\000t\000r\000a\000i\000n\000i\000n\000g}{section.8}% 32
\BOOKMARK [1][-]{section.9}{\376\377\0009\000\040\000C\000o\000o\000r\000d\000i\000n\000a\000t\000i\000o\000n\000\040\000i\000n\000\040\000C\000o\000n\000v\000e\000r\000t\000e\000r\000-\000D\000e\000n\000s\000e\000\040\000S\000y\000s\000t\000e\000m\000s}{}% 33
\BOOKMARK [2][-]{subsection.9.1}{\376\377\0009\000.\0001\000\040\000S\000y\000s\000t\000e\000m\000\040\000A\000r\000c\000h\000e\000t\000y\000p\000e\000s}{section.9}% 34
\BOOKMARK [2][-]{subsection.9.2}{\376\377\0009\000.\0002\000\040\000C\000o\000m\000m\000u\000n\000i\000c\000a\000t\000i\000o\000n\000\040\000C\000o\000n\000s\000t\000r\000a\000i\000n\000t\000s}{section.9}% 35
\BOOKMARK [2][-]{subsection.9.3}{\376\377\0009\000.\0003\000\040\000C\000T\000D\000E\000,\000\040\000F\000e\000d\000e\000r\000a\000t\000e\000d\000\040\000R\000L\000,\000\040\000a\000n\000d\000\040\000H\000i\000e\000r\000a\000r\000c\000h\000i\000c\000a\000l\000\040\000A\000r\000c\000h\000i\000t\000e\000c\000t\000u\000r\000e\000s}{section.9}% 36
\BOOKMARK [2][-]{subsection.9.4}{\376\377\0009\000.\0004\000\040\000S\000c\000a\000l\000a\000b\000i\000l\000i\000t\000y}{section.9}% 37
\BOOKMARK [1][-]{section.10}{\376\377\0001\0000\000\040\000E\000v\000i\000d\000e\000n\000c\000e\000\040\000S\000y\000n\000t\000h\000e\000s\000i\000s}{}% 38
\BOOKMARK [2][-]{subsection.10.1}{\376\377\0001\0000\000.\0001\000\040\000W\000h\000a\000t\000\040\000t\000h\000e\000\040\000V\000e\000r\000i\000f\000i\000e\000d\000\040\000E\000v\000i\000d\000e\000n\000c\000e\000\040\000S\000u\000p\000p\000o\000r\000t\000s}{section.10}% 39
\BOOKMARK [2][-]{subsection.10.2}{\376\377\0001\0000\000.\0002\000\040\000C\000r\000o\000s\000s\000-\000A\000x\000i\000s\000\040\000S\000y\000n\000t\000h\000e\000s\000i\000s\000\040\000M\000a\000p\000s}{section.10}% 40
\BOOKMARK [2][-]{subsection.10.3}{\376\377\0001\0000\000.\0003\000\040\000W\000h\000y\000\040\000t\000h\000e\000\040\000O\000l\000d\000\040\000D\000i\000s\000t\000r\000i\000b\000u\000t\000i\000o\000n\000\040\000a\000n\000d\000\040\000T\000i\000m\000e\000l\000i\000n\000e\000\040\000A\000p\000p\000r\000o\000a\000c\000h\000\040\000F\000a\000i\000l\000e\000d}{section.10}% 41
\BOOKMARK [1][-]{section.11}{\376\377\0001\0001\000\040\000O\000p\000e\000n\000\040\000B\000e\000n\000c\000h\000m\000a\000r\000k\000s\000\040\000a\000n\000d\000\040\000R\000e\000p\000r\000o\000d\000u\000c\000i\000b\000i\000l\000i\000t\000y}{}% 42
\BOOKMARK [2][-]{subsection.11.1}{\376\377\0001\0001\000.\0001\000\040\000M\000i\000n\000i\000m\000u\000m\000\040\000R\000e\000p\000o\000r\000t\000i\000n\000g\000\040\000M\000e\000t\000a\000d\000a\000t\000a}{section.11}% 43
\BOOKMARK [2][-]{subsection.11.2}{\376\377\0001\0001\000.\0002\000\040\000C\000u\000r\000r\000e\000n\000t\000\040\000B\000e\000n\000c\000h\000m\000a\000r\000k\000\040\000L\000a\000n\000d\000s\000c\000a\000p\000e}{section.11}% 44
\BOOKMARK [2][-]{subsection.11.3}{\376\377\0001\0001\000.\0003\000\040\000W\000h\000y\000\040\000R\000e\000p\000r\000o\000d\000u\000c\000i\000b\000i\000l\000i\000t\000y\000\040\000M\000a\000t\000t\000e\000r\000s\000\040\000f\000o\000r\000\040\000a\000\040\000C\000S\000U\000R\000\040\000S\000u\000r\000v\000e\000y}{section.11}% 45
\BOOKMARK [1][-]{section.12}{\376\377\0001\0002\000\040\000R\000e\000s\000e\000a\000r\000c\000h\000\040\000A\000g\000e\000n\000d\000a}{}% 46
\BOOKMARK [2][-]{subsection.12.1}{\376\377\0001\0002\000.\0001\000\040\000S\000a\000f\000e\000t\000y\000-\000G\000u\000a\000r\000a\000n\000t\000e\000e\000d\000\040\000L\000e\000a\000r\000n\000i\000n\000g}{section.12}% 47
\BOOKMARK [2][-]{subsection.12.2}{\376\377\0001\0002\000.\0002\000\040\000R\000e\000p\000r\000o\000d\000u\000c\000i\000b\000l\000e\000\040\000B\000e\000n\000c\000h\000m\000a\000r\000k\000s}{section.12}% 48
\BOOKMARK [2][-]{subsection.12.3}{\376\377\0001\0002\000.\0003\000\040\000H\000a\000r\000d\000w\000a\000r\000e\000-\000A\000w\000a\000r\000e\000\040\000P\000o\000l\000i\000c\000i\000e\000s}{section.12}% 49
\BOOKMARK [2][-]{subsection.12.4}{\376\377\0001\0002\000.\0004\000\040\000M\000u\000l\000t\000i\000-\000A\000g\000e\000n\000t\000\040\000C\000o\000o\000r\000d\000i\000n\000a\000t\000i\000o\000n\000\040\000U\000n\000d\000e\000r\000\040\000C\000o\000m\000m\000u\000n\000i\000c\000a\000t\000i\000o\000n\000\040\000C\000o\000n\000s\000t\000r\000a\000i\000n\000t\000s}{section.12}% 50
\BOOKMARK [2][-]{subsection.12.5}{\376\377\0001\0002\000.\0005\000\040\000H\000y\000b\000r\000i\000d\000\040\000M\000o\000d\000e\000l\000-\000B\000a\000s\000e\000d\000\040\000a\000n\000d\000\040\000L\000e\000a\000r\000n\000i\000n\000g\000-\000B\000a\000s\000e\000d\000\040\000C\000o\000n\000t\000r\000o\000l}{section.12}% 51
\BOOKMARK [1][-]{section.13}{\376\377\0001\0003\000\040\000C\000o\000n\000c\000l\000u\000s\000i\000o\000n}{}% 52
\BOOKMARK [2][-]{subsection.13.1}{\376\377\0001\0003\000.\0001\000\040\000L\000i\000m\000i\000t\000a\000t\000i\000o\000n\000s}{section.13}% 53
\BOOKMARK [2][-]{subsection.13.2}{\376\377\0001\0003\000.\0002\000\040\000O\000u\000t\000l\000o\000o\000k}{section.13}% 54
\BOOKMARK [1][-]{section*.14}{\376\377\000R\000e\000f\000e\000r\000e\000n\000c\000e\000s}{}% 55
