This is pdfTeX, Version 3.141592653-2.6-1.40.26 (TeX Live 2024) (preloaded format=pdflatex 2024.11.24)  23 MAY 2026 19:09
entering extended mode
 restricted \write18 enabled.
 %&-line parsing enabled.
**paper_a_control_deployment.tex
(./paper_a_control_deployment.tex
LaTeX2e <2023-11-01> patch level 1
L3 programming layer <2024-02-20>
(./acmart.cls
Document Class: acmart 2025/08/27 v2.16 Typesetting articles for the Associatio
n for Computing Machinery
(d:/latex/texlive/2024/texmf-dist/tex/latex/xkeyval/xkeyval.sty
Package: xkeyval 2022/06/16 v2.9 package option processing (HA)

(d:/latex/texlive/2024/texmf-dist/tex/generic/xkeyval/xkeyval.tex
(d:/latex/texlive/2024/texmf-dist/tex/generic/xkeyval/xkvutils.tex
\XKV@toks=\toks17
\XKV@tempa@toks=\toks18

(d:/latex/texlive/2024/texmf-dist/tex/generic/xkeyval/keyval.tex))
\XKV@depth=\count188
File: xkeyval.tex 2014/12/03 v2.7a key=value parser (HA)
))
(d:/latex/texlive/2024/texmf-dist/tex/generic/xstring/xstring.sty
(d:/latex/texlive/2024/texmf-dist/tex/generic/xstring/xstring.tex
\xs_counta=\count189
\xs_countb=\count190
)
Package: xstring 2023/08/22 v1.86 String manipulations (CT)
)
(d:/latex/texlive/2024/texmf-dist/tex/generic/iftex/iftex.sty
Package: iftex 2022/02/03 v1.0f TeX engine tests
)
Package acmart Info: Not using screen mode on input line 77.
Package acmart Info: Using breaking urls on hyphens on input line 85.
Package acmart Info: Requiring acmthm on input line 93.
Package acmart Info: Not using review mode on input line 102.
Package acmart Info: Not using authorversion mode on input line 110.
Package acmart Info: Not using nonacm mode on input line 122.
Package acmart Info: Explicitly selecting natbib mode on input line 138.
Package acmart Info: Not using anonymous mode on input line 146.
Package acmart Info: Not using timestamp mode on input line 154.
Package acmart Info: Not using authordraft mode on input line 164.
Package acmart Info: Using screen mode on input line 179.
Package acmart Info: Using review mode on input line 179.
Class acmart Info: Using format manuscript, number 0 on input line 179.
Class acmart Info: Using fontsize 9pt on input line 281.

(d:/latex/texlive/2024/texmf-dist/tex/latex/amscls/amsart.cls
Document Class: amsart 2020/05/29 v2.20.6
\linespacing=\dimen140
\normalparindent=\dimen141
\normaltopskip=\skip48
(d:/latex/texlive/2024/texmf-dist/tex/latex/amsmath/amsmath.sty
Package: amsmath 2023/05/13 v2.17o AMS math features
\@mathmargin=\skip49

For additional information on amsmath, use the `?' option.
(d:/latex/texlive/2024/texmf-dist/tex/latex/amsmath/amstext.sty
Package: amstext 2021/08/26 v2.01 AMS text

(d:/latex/texlive/2024/texmf-dist/tex/latex/amsmath/amsgen.sty
File: amsgen.sty 1999/11/30 v2.0 generic functions
\@emptytoks=\toks19
\ex@=\dimen142
))
(d:/latex/texlive/2024/texmf-dist/tex/latex/amsmath/amsbsy.sty
Package: amsbsy 1999/11/29 v1.2d Bold Symbols
\pmbraise@=\dimen143
)
(d:/latex/texlive/2024/texmf-dist/tex/latex/amsmath/amsopn.sty
Package: amsopn 2022/04/08 v2.04 operator names
)
\inf@bad=\count191
LaTeX Info: Redefining \frac on input line 234.
\uproot@=\count192
\leftroot@=\count193
LaTeX Info: Redefining \overline on input line 399.
LaTeX Info: Redefining \colon on input line 410.
\classnum@=\count194
\DOTSCASE@=\count195
LaTeX Info: Redefining \ldots on input line 496.
LaTeX Info: Redefining \dots on input line 499.
LaTeX Info: Redefining \cdots on input line 620.
\Mathstrutbox@=\box51
\strutbox@=\box52
LaTeX Info: Redefining \big on input line 722.
LaTeX Info: Redefining \Big on input line 723.
LaTeX Info: Redefining \bigg on input line 724.
LaTeX Info: Redefining \Bigg on input line 725.
\big@size=\dimen144
LaTeX Font Info:    Redeclaring font encoding OML on input line 743.
LaTeX Font Info:    Redeclaring font encoding OMS on input line 744.
\macc@depth=\count196
LaTeX Info: Redefining \bmod on input line 905.
LaTeX Info: Redefining \pmod on input line 910.
LaTeX Info: Redefining \smash on input line 940.
LaTeX Info: Redefining \relbar on input line 970.
LaTeX Info: Redefining \Relbar on input line 971.
\c@MaxMatrixCols=\count197
\dotsspace@=\muskip16
\c@parentequation=\count198
\dspbrk@lvl=\count199
\tag@help=\toks20
\row@=\count266
\column@=\count267
\maxfields@=\count268
\andhelp@=\toks21
\eqnshift@=\dimen145
\alignsep@=\dimen146
\tagshift@=\dimen147
\tagwidth@=\dimen148
\totwidth@=\dimen149
\lineht@=\dimen150
\@envbody=\toks22
\multlinegap=\skip50
\multlinetaggap=\skip51
\mathdisplay@stack=\toks23
LaTeX Info: Redefining \[ on input line 2953.
LaTeX Info: Redefining \] on input line 2954.
)
LaTeX Font Info:    Trying to load font information for U+msa on input line 397
.

(d:/latex/texlive/2024/texmf-dist/tex/latex/amsfonts/umsa.fd
File: umsa.fd 2013/01/14 v3.01 AMS symbols A
)
(d:/latex/texlive/2024/texmf-dist/tex/latex/amsfonts/amsfonts.sty
Package: amsfonts 2013/01/14 v3.01 Basic AMSFonts support
\symAMSa=\mathgroup4
\symAMSb=\mathgroup5
LaTeX Font Info:    Redeclaring math symbol \hbar on input line 98.
LaTeX Font Info:    Overwriting math alphabet `\mathfrak' in version `bold'
(Font)                  U/euf/m/n --> U/euf/b/n on input line 106.
)
\copyins=\insert252
\abstractbox=\box53
\listisep=\skip52
\c@part=\count269
\c@section=\count270
\c@subsection=\count271
\c@subsubsection=\count272
\c@paragraph=\count273
\c@subparagraph=\count274
\c@figure=\count275
\c@table=\count276
\abovecaptionskip=\skip53
\belowcaptionskip=\skip54
\captionindent=\dimen151
\thm@style=\toks24
\thm@bodyfont=\toks25
\thm@headfont=\toks26
\thm@notefont=\toks27
\thm@headpunct=\toks28
\thm@preskip=\skip55
\thm@postskip=\skip56
\thm@headsep=\skip57
\dth@everypar=\toks29
)
(d:/latex/texlive/2024/texmf-dist/tex/latex/microtype/microtype.sty
Package: microtype 2023/03/13 v3.1a Micro-typographical refinements (RS)

(d:/latex/texlive/2024/texmf-dist/tex/latex/etoolbox/etoolbox.sty
Package: etoolbox 2020/10/05 v2.5k e-TeX tools for LaTeX (JAW)
\etb@tempcnta=\count277
)
\MT@toks=\toks30
\MT@tempbox=\box54
\MT@count=\count278
LaTeX Info: Redefining \noprotrusionifhmode on input line 1059.
LaTeX Info: Redefining \leftprotrusion on input line 1060.
\MT@prot@toks=\toks31
LaTeX Info: Redefining \rightprotrusion on input line 1078.
LaTeX Info: Redefining \textls on input line 1368.
\MT@outer@kern=\dimen152
LaTeX Info: Redefining \textmicrotypecontext on input line 1988.
\MT@listname@count=\count279

(d:/latex/texlive/2024/texmf-dist/tex/latex/microtype/microtype-pdftex.def
File: microtype-pdftex.def 2023/03/13 v3.1a Definitions specific to pdftex (RS)

LaTeX Info: Redefining \lsstyle on input line 902.
LaTeX Info: Redefining \lslig on input line 902.
\MT@outer@space=\skip58
)
Package microtype Info: Loading configuration file microtype.cfg.

(d:/latex/texlive/2024/texmf-dist/tex/latex/microtype/microtype.cfg
File: microtype.cfg 2023/03/13 v3.1a microtype main configuration file (RS)
))
(d:/latex/texlive/2024/texmf-dist/tex/latex/booktabs/booktabs.sty
Package: booktabs 2020/01/12 v1.61803398 Publication quality tables
\heavyrulewidth=\dimen153
\lightrulewidth=\dimen154
\cmidrulewidth=\dimen155
\belowrulesep=\dimen156
\belowbottomsep=\dimen157
\aboverulesep=\dimen158
\abovetopsep=\dimen159
\cmidrulesep=\dimen160
\cmidrulekern=\dimen161
\defaultaddspace=\dimen162
\@cmidla=\count280
\@cmidlb=\count281
\@aboverulesep=\dimen163
\@belowrulesep=\dimen164
\@thisruleclass=\count282
\@lastruleclass=\count283
\@thisrulewidth=\dimen165
)
(d:/latex/texlive/2024/texmf-dist/tex/latex/refcount/refcount.sty
Package: refcount 2019/12/15 v3.6 Data extraction from label references (HO)

(d:/latex/texlive/2024/texmf-dist/tex/generic/ltxcmds/ltxcmds.sty
Package: ltxcmds 2023-12-04 v1.26 LaTeX kernel commands for general use (HO)
)
(d:/latex/texlive/2024/texmf-dist/tex/generic/infwarerr/infwarerr.sty
Package: infwarerr 2019/12/03 v1.5 Providing info/warning/error messages (HO)
))
(d:/latex/texlive/2024/texmf-dist/tex/latex/totpages/totpages.sty
Package: totpages 2005/09/19 v2.00 Totpages Package (muewi)

(d:/latex/texlive/2024/texmf-dist/tex/latex/everyshi/everyshi.sty
Package: everyshi 2020/11/18 v4.00 EveryShipout Package
))
(d:/latex/texlive/2024/texmf-dist/tex/latex/environ/environ.sty
Package: environ 2014/05/04 v0.3 A new way to define environments

(d:/latex/texlive/2024/texmf-dist/tex/latex/trimspaces/trimspaces.sty
Package: trimspaces 2009/09/17 v1.1 Trim spaces around a token list
))
(d:/latex/texlive/2024/texmf-dist/tex/latex/setspace/setspace.sty
Package: setspace 2022/12/04 v6.7b set line spacing
)
\@ACM@acmcp@delta=\dimen166

(d:/latex/texlive/2024/texmf-dist/tex/latex/natbib/natbib.sty
Package: natbib 2010/09/13 8.31b (PWD, AO)
\bibhang=\skip59
\bibsep=\skip60
LaTeX Info: Redefining \cite on input line 694.
\c@NAT@ctr=\count284
)
(d:/latex/texlive/2024/texmf-dist/tex/latex/hyperref/hyperref.sty
Package: hyperref 2024-01-20 v7.01h Hypertext links for LaTeX

(d:/latex/texlive/2024/texmf-dist/tex/latex/kvsetkeys/kvsetkeys.sty
Package: kvsetkeys 2022-10-05 v1.19 Key value parser (HO)
)
(d:/latex/texlive/2024/texmf-dist/tex/generic/kvdefinekeys/kvdefinekeys.sty
Package: kvdefinekeys 2019-12-19 v1.6 Define keys (HO)
)
(d:/latex/texlive/2024/texmf-dist/tex/generic/pdfescape/pdfescape.sty
Package: pdfescape 2019/12/09 v1.15 Implements pdfTeX's escape features (HO)

(d:/latex/texlive/2024/texmf-dist/tex/generic/pdftexcmds/pdftexcmds.sty
Package: pdftexcmds 2020-06-27 v0.33 Utility functions of pdfTeX for LuaTeX (HO
)
Package pdftexcmds Info: \pdf@primitive is available.
Package pdftexcmds Info: \pdf@ifprimitive is available.
Package pdftexcmds Info: \pdfdraftmode found.
))
(d:/latex/texlive/2024/texmf-dist/tex/latex/hycolor/hycolor.sty
Package: hycolor 2020-01-27 v1.10 Color options for hyperref/bookmark (HO)
)
(d:/latex/texlive/2024/texmf-dist/tex/latex/auxhook/auxhook.sty
Package: auxhook 2019-12-17 v1.6 Hooks for auxiliary files (HO)
)
(d:/latex/texlive/2024/texmf-dist/tex/latex/hyperref/nameref.sty
Package: nameref 2023-11-26 v2.56 Cross-referencing by name of section

(d:/latex/texlive/2024/texmf-dist/tex/generic/gettitlestring/gettitlestring.sty
Package: gettitlestring 2019/12/15 v1.6 Cleanup title references (HO)
(d:/latex/texlive/2024/texmf-dist/tex/latex/kvoptions/kvoptions.sty
Package: kvoptions 2022-06-15 v3.15 Key value format for package options (HO)
))
\c@section@level=\count285
)
\@linkdim=\dimen167
\Hy@linkcounter=\count286
\Hy@pagecounter=\count287

(d:/latex/texlive/2024/texmf-dist/tex/latex/hyperref/pd1enc.def
File: pd1enc.def 2024-01-20 v7.01h Hyperref: PDFDocEncoding definition (HO)
Now handling font encoding PD1 ...
... no UTF-8 mapping file for font encoding PD1
)
(d:/latex/texlive/2024/texmf-dist/tex/generic/intcalc/intcalc.sty
Package: intcalc 2019/12/15 v1.3 Expandable calculations with integers (HO)
)
\Hy@SavedSpaceFactor=\count288

(d:/latex/texlive/2024/texmf-dist/tex/latex/hyperref/puenc.def
File: puenc.def 2024-01-20 v7.01h Hyperref: PDF Unicode definition (HO)
Now handling font encoding PU ...
... no UTF-8 mapping file for font encoding PU
)
Package hyperref Info: Option `bookmarksnumbered' set `true' on input line 4062
.
Package hyperref Info: Option `unicode' set `true' on input line 4062.
Package hyperref Info: Hyper figures OFF on input line 4179.
Package hyperref Info: Link nesting OFF on input line 4184.
Package hyperref Info: Hyper index ON on input line 4187.
Package hyperref Info: Plain pages OFF on input line 4194.
Package hyperref Info: Backreferencing OFF on input line 4199.
Package hyperref Info: Implicit mode ON; LaTeX internals redefined.
Package hyperref Info: Bookmarks ON on input line 4446.
\c@Hy@tempcnt=\count289

(d:/latex/texlive/2024/texmf-dist/tex/latex/url/url.sty
\Urlmuskip=\muskip17
Package: url 2013/09/16  ver 3.4  Verb mode for urls, etc.
)
LaTeX Info: Redefining \url on input line 4784.
\XeTeXLinkMargin=\dimen168

(d:/latex/texlive/2024/texmf-dist/tex/generic/bitset/bitset.sty
Package: bitset 2019/12/09 v1.3 Handle bit-vector datatype (HO)

(d:/latex/texlive/2024/texmf-dist/tex/generic/bigintcalc/bigintcalc.sty
Package: bigintcalc 2019/12/15 v1.5 Expandable calculations on big integers (HO
)
))
\Fld@menulength=\count290
\Field@Width=\dimen169
\Fld@charsize=\dimen170
Package hyperref Info: Hyper figures OFF on input line 6063.
Package hyperref Info: Link nesting OFF on input line 6068.
Package hyperref Info: Hyper index ON on input line 6071.
Package hyperref Info: backreferencing OFF on input line 6078.
Package hyperref Info: Link coloring OFF on input line 6083.
Package hyperref Info: Link coloring with OCG OFF on input line 6088.
Package hyperref Info: PDF/A mode OFF on input line 6093.

(d:/latex/texlive/2024/texmf-dist/tex/latex/base/atbegshi-ltx.sty
Package: atbegshi-ltx 2021/01/10 v1.0c Emulation of the original atbegshi
package with kernel methods
)
\Hy@abspage=\count291
\c@Item=\count292
\c@Hfootnote=\count293
)
Package hyperref Info: Driver (autodetected): hpdftex.

(d:/latex/texlive/2024/texmf-dist/tex/latex/hyperref/hpdftex.def
File: hpdftex.def 2024-01-20 v7.01h Hyperref driver for pdfTeX

(d:/latex/texlive/2024/texmf-dist/tex/latex/base/atveryend-ltx.sty
Package: atveryend-ltx 2020/08/19 v1.0a Emulation of the original atveryend pac
kage
with kernel methods
)
\Fld@listcount=\count294
\c@bookmark@seq@number=\count295

(d:/latex/texlive/2024/texmf-dist/tex/latex/rerunfilecheck/rerunfilecheck.sty
Package: rerunfilecheck 2022-07-10 v1.10 Rerun checks for auxiliary files (HO)

(d:/latex/texlive/2024/texmf-dist/tex/generic/uniquecounter/uniquecounter.sty
Package: uniquecounter 2019/12/15 v1.4 Provide unlimited unique counter (HO)
)
Package uniquecounter Info: New unique counter `rerunfilecheck' on input line 2
85.
)
\Hy@SectionHShift=\skip61
) (d:/latex/texlive/2024/texmf-dist/tex/latex/hyperxmp/hyperxmp.sty
Package: hyperxmp 2023/09/10 v5.12 Store hyperref metadata in XMP format
\hyxmp@aep@toks=\toks32

(d:/latex/texlive/2024/texmf-dist/tex/generic/stringenc/stringenc.sty
Package: stringenc 2019/11/29 v1.12 Convert strings between diff. encodings (HO
)
)
(d:/latex/texlive/2024/texmf-dist/tex/latex/ifmtarg/ifmtarg.sty
Package: ifmtarg 2018/04/16 v1.2b check for an empty argument
)
(d:/latex/texlive/2024/texmf-dist/tex/latex/base/ifthen.sty
Package: ifthen 2022/04/13 v1.1d Standard LaTeX ifthen package (DPC)
)
\@hyxmp@count=\count296

(d:/latex/texlive/2024/texmf-dist/tex/latex/oberdiek/ifdraft.sty
Package: ifdraft 2016/05/16 v1.4 Detect class options draft and final (HO)
)
(d:/latex/texlive/2024/texmf-dist/tex/generic/iftex/ifluatex.sty
Package: ifluatex 2019/10/25 v1.5 ifluatex legacy package. Use iftex instead.
))
(d:/latex/texlive/2024/texmf-dist/tex/latex/graphics/graphicx.sty
Package: graphicx 2021/09/16 v1.2d Enhanced LaTeX Graphics (DPC,SPQR)

(d:/latex/texlive/2024/texmf-dist/tex/latex/graphics/graphics.sty
Package: graphics 2022/03/10 v1.4e Standard LaTeX Graphics (DPC,SPQR)

(d:/latex/texlive/2024/texmf-dist/tex/latex/graphics/trig.sty
Package: trig 2021/08/11 v1.11 sin cos tan (DPC)
)
(d:/latex/texlive/2024/texmf-dist/tex/latex/graphics-cfg/graphics.cfg
File: graphics.cfg 2016/06/04 v1.11 sample graphics configuration
)
Package graphics Info: Driver file: pdftex.def on input line 107.

(d:/latex/texlive/2024/texmf-dist/tex/latex/graphics-def/pdftex.def
File: pdftex.def 2022/09/22 v1.2b Graphics/color driver for pdftex
))
\Gin@req@height=\dimen171
\Gin@req@width=\dimen172
)
(d:/latex/texlive/2024/texmf-dist/tex/latex/xcolor/xcolor.sty
Package: xcolor 2023/11/15 v3.01 LaTeX color extensions (UK)

(d:/latex/texlive/2024/texmf-dist/tex/latex/graphics-cfg/color.cfg
File: color.cfg 2016/01/02 v1.6 sample color configuration
)
Package xcolor Info: Driver file: pdftex.def on input line 274.

(d:/latex/texlive/2024/texmf-dist/tex/latex/graphics/mathcolor.ltx)
Package xcolor Info: Model `cmy' substituted by `cmy0' on input line 1350.
Package xcolor Info: Model `hsb' substituted by `rgb' on input line 1354.
Package xcolor Info: Model `RGB' extended on input line 1366.
Package xcolor Info: Model `HTML' substituted by `rgb' on input line 1368.
Package xcolor Info: Model `Hsb' substituted by `hsb' on input line 1369.
Package xcolor Info: Model `tHsb' substituted by `hsb' on input line 1370.
Package xcolor Info: Model `HSB' substituted by `hsb' on input line 1371.
Package xcolor Info: Model `Gray' substituted by `gray' on input line 1372.
Package xcolor Info: Model `wave' substituted by `hsb' on input line 1373.
)
(d:/latex/texlive/2024/texmf-dist/tex/latex/geometry/geometry.sty
Package: geometry 2020/01/02 v5.9 Page Geometry

(d:/latex/texlive/2024/texmf-dist/tex/generic/iftex/ifvtex.sty
Package: ifvtex 2019/10/25 v1.7 ifvtex legacy package. Use iftex instead.
)
\Gm@cnth=\count297
\Gm@cntv=\count298
\c@Gm@tempcnt=\count299
\Gm@bindingoffset=\dimen173
\Gm@wd@mp=\dimen174
\Gm@odd@mp=\dimen175
\Gm@even@mp=\dimen176
\Gm@layoutwidth=\dimen177
\Gm@layoutheight=\dimen178
\Gm@layouthoffset=\dimen179
\Gm@layoutvoffset=\dimen180
\Gm@dimlist=\toks33
)
(d:/latex/texlive/2024/texmf-dist/tex/latex/ncctools/manyfoot.sty
Package: manyfoot 2019/08/03 v1.11 Many Footnote Levels Package (NCC)

(d:/latex/texlive/2024/texmf-dist/tex/latex/ncctools/nccfoots.sty
Package: nccfoots 2005/02/03 v1.2 NCC Footnotes Package (NCC)
)
\MFL@columnwidth=\dimen181
)
\footinsauthorsaddresses=\insert251
\c@footnoteauthorsaddresses=\count300
\footinscopyrightpermission=\insert250
\c@footnotecopyrightpermission=\count301

(d:/latex/texlive/2024/texmf-dist/tex/generic/pdftex/glyphtounicode.tex)
(d:/latex/texlive/2024/texmf-dist/tex/latex/cmap/cmap.sty
Package: cmap 2021/02/06 v1.0j CMap support: searchable PDF
)
(d:/latex/texlive/2024/texmf-dist/tex/latex/base/fontenc.sty
Package: fontenc 2021/04/29 v2.0v Standard LaTeX package
<<t1.cmap>>)
(d:/latex/texlive/2024/texmf-dist/tex/latex/libertine/libertine.sty
Package: libertine 2023/11/26 (Bob Tennent) Supports Libertine and Biolinum fon
ts for all LaTeX engines.

(d:/latex/texlive/2024/texmf-dist/tex/generic/iftex/ifxetex.sty
Package: ifxetex 2019/10/25 v0.7 ifxetex legacy package. Use iftex instead.
)
(d:/latex/texlive/2024/texmf-dist/tex/latex/base/textcomp.sty
Package: textcomp 2020/02/02 v2.0n Standard LaTeX package
)
(d:/latex/texlive/2024/texmf-dist/tex/latex/base/fontenc.sty
Package: fontenc 2021/04/29 v2.0v Standard LaTeX package
)
(d:/latex/texlive/2024/texmf-dist/tex/latex/fontaxes/fontaxes.sty
Package: fontaxes 2020/07/21 v1.0e Font selection axes
LaTeX Info: Redefining \upshape on input line 29.
LaTeX Info: Redefining \itshape on input line 31.
LaTeX Info: Redefining \slshape on input line 33.
LaTeX Info: Redefining \swshape on input line 35.
LaTeX Info: Redefining \scshape on input line 37.
LaTeX Info: Redefining \sscshape on input line 39.
LaTeX Info: Redefining \ulcshape on input line 41.
LaTeX Info: Redefining \textsw on input line 47.
LaTeX Info: Redefining \textssc on input line 48.
LaTeX Info: Redefining \textulc on input line 49.
)
LaTeX Info: Redefining \oldstylenums on input line 485.

(d:/latex/texlive/2024/texmf-dist/tex/latex/libertine/LinLibertine_I.tex))
(d:/latex/texlive/2024/texmf-dist/tex/latex/inconsolata/zi4.sty
Package: zi4 2019/05/17 v1.12

`inconsolata-zi4' v1.12, 2019/05/17 Text macros for Inconsolata (msharpe)
\zifour@ocount=\count302
)
(d:/latex/texlive/2024/texmf-dist/tex/latex/newtx/newtxmath.sty
Package: newtxmath 2024/03/06 v1.742

`newtxmath' v1.742, 2024/03/06 Math macros based originally on txfonts (msharpe
) (d:/latex/texlive/2024/texmf-dist/tex/latex/oberdiek/centernot.sty
Package: centernot 2016/05/16 v1.4 Centers the not symbol horizontally (HO)
)
\tx@cntz=\count303

(d:/latex/texlive/2024/texmf-dist/tex/generic/kastrup/binhex.tex)
\tx@Isdigit=\count304
\tx@IsAlNum=\count305
\tx@tA=\toks34
\tx@tB=\toks35
\tx@su=\read2

amsthm NOT loaded
LaTeX Font Info:    Redeclaring symbol font `operators' on input line 393.
LaTeX Font Info:    Overwriting symbol font `operators' in version `normal'
(Font)                  OT1/cmr/m/n --> OT1/LinuxLibertineT-TLF/m/n on input li
ne 393.
LaTeX Font Info:    Overwriting symbol font `operators' in version `bold'
(Font)                  OT1/cmr/bx/n --> OT1/LinuxLibertineT-TLF/m/n on input l
ine 393.
LaTeX Font Info:    Overwriting symbol font `operators' in version `bold'
(Font)                  OT1/LinuxLibertineT-TLF/m/n --> OT1/LinuxLibertineT-TLF
/sb/n on input line 394.
LaTeX Font Info:    Redeclaring math alphabet \mathsf on input line 401.
LaTeX Font Info:    Overwriting math alphabet `\mathsf' in version `normal'
(Font)                  OT1/cmss/m/n --> OT1/LinuxBiolinumT-TLF/m/n on input li
ne 401.
LaTeX Font Info:    Overwriting math alphabet `\mathsf' in version `bold'
(Font)                  OT1/cmss/bx/n --> OT1/LinuxBiolinumT-TLF/m/n on input l
ine 401.
LaTeX Font Info:    Overwriting math alphabet `\mathsf' in version `bold'
(Font)                  OT1/LinuxBiolinumT-TLF/m/n --> OT1/LinuxBiolinumT-TLF/b
/n on input line 403.
LaTeX Font Info:    Redeclaring math alphabet \mathit on input line 410.
LaTeX Font Info:    Overwriting math alphabet `\mathit' in version `normal'
(Font)                  OT1/cmr/m/it --> OT1/LinuxLibertineT-TLF/m/it on input 
line 410.
LaTeX Font Info:    Overwriting math alphabet `\mathit' in version `bold'
(Font)                  OT1/cmr/bx/it --> OT1/LinuxLibertineT-TLF/m/it on input
 line 410.
LaTeX Font Info:    Redeclaring math alphabet \mathtt on input line 411.
LaTeX Font Info:    Overwriting math alphabet `\mathtt' in version `normal'
(Font)                  OT1/cmtt/m/n --> T1/zi4/m/n on input line 411.
LaTeX Font Info:    Overwriting math alphabet `\mathtt' in version `bold'
(Font)                  OT1/cmtt/m/n --> T1/zi4/m/n on input line 411.
LaTeX Font Info:    Redeclaring math alphabet \mathbf on input line 413.
LaTeX Font Info:    Overwriting math alphabet `\mathbf' in version `normal'
(Font)                  OT1/cmr/bx/n --> OT1/LinuxLibertineT-TLF/sb/n on input 
line 413.
LaTeX Font Info:    Overwriting math alphabet `\mathbf' in version `bold'
(Font)                  OT1/cmr/bx/n --> OT1/LinuxLibertineT-TLF/sb/n on input 
line 413.
LaTeX Font Info:    Overwriting math alphabet `\mathit' in version `bold'
(Font)                  OT1/LinuxLibertineT-TLF/m/it --> OT1/LinuxLibertineT-TL
F/sb/it on input line 414.
LaTeX Font Info:    Overwriting math alphabet `\mathtt' in version `bold'
(Font)                  T1/zi4/m/n --> T1/zi4/b/n on input line 417.
LaTeX Font Info:    Redeclaring symbol font `letters' on input line 435.
LaTeX Font Info:    Overwriting symbol font `letters' in version `normal'
(Font)                  OML/cmm/m/it --> OML/nxlmi/m/it on input line 435.
LaTeX Font Info:    Overwriting symbol font `letters' in version `bold'
(Font)                  OML/cmm/b/it --> OML/nxlmi/m/it on input line 435.
LaTeX Font Info:    Overwriting symbol font `letters' in version `bold'
(Font)                  OML/nxlmi/m/it --> OML/nxlmi/b/it on input line 436.
\symlettersA=\mathgroup6
LaTeX Font Info:    Overwriting symbol font `lettersA' in version `bold'
(Font)                  U/ntxmia/m/it --> U/ntxmia/b/it on input line 565.
LaTeX Font Info:    Redeclaring math alphabet \mathfrak on input line 567.
Now handling font encoding LMS ...
... no UTF-8 mapping file for font encoding LMS
LaTeX Font Info:    Redeclaring symbol font `symbols' on input line 587.
LaTeX Font Info:    Encoding `OMS' has changed to `LMS' for symbol font
(Font)              `symbols' in the math version `normal' on input line 587.
LaTeX Font Info:    Overwriting symbol font `symbols' in version `normal'
(Font)                  OMS/cmsy/m/n --> LMS/ntxsy/m/n on input line 587.
LaTeX Font Info:    Encoding `OMS' has changed to `LMS' for symbol font
(Font)              `symbols' in the math version `bold' on input line 587.
LaTeX Font Info:    Overwriting symbol font `symbols' in version `bold'
(Font)                  OMS/cmsy/b/n --> LMS/ntxsy/m/n on input line 587.
LaTeX Font Info:    Overwriting symbol font `symbols' in version `bold'
(Font)                  LMS/ntxsy/m/n --> LMS/ntxsy/b/n on input line 588.
\symAMSm=\mathgroup7
LaTeX Font Info:    Overwriting symbol font `AMSm' in version `bold'
(Font)                  U/ntxsym/m/n --> U/ntxsym/b/n on input line 613.
\symsymbolsC=\mathgroup8
LaTeX Font Info:    Overwriting symbol font `symbolsC' in version `bold'
(Font)                  U/ntxsyc/m/n --> U/ntxsyc/b/n on input line 634.
Now handling font encoding LMX ...
... no UTF-8 mapping file for font encoding LMX
LaTeX Font Info:    Redeclaring symbol font `largesymbols' on input line 647.
LaTeX Font Info:    Encoding `OMX' has changed to `LMX' for symbol font
(Font)              `largesymbols' in the math version `normal' on input line 6
47.
LaTeX Font Info:    Overwriting symbol font `largesymbols' in version `normal'
(Font)                  OMX/cmex/m/n --> LMX/ntxexx/m/n on input line 647.
LaTeX Font Info:    Encoding `OMX' has changed to `LMX' for symbol font
(Font)              `largesymbols' in the math version `bold' on input line 647
.
LaTeX Font Info:    Overwriting symbol font `largesymbols' in version `bold'
(Font)                  OMX/cmex/m/n --> LMX/ntxexx/m/n on input line 647.
LaTeX Font Info:    Overwriting symbol font `largesymbols' in version `bold'
(Font)                  LMX/ntxexx/m/n --> LMX/ntxexx/b/n on input line 648.
\symlargesymbolsTXA=\mathgroup9
LaTeX Font Info:    Overwriting symbol font `largesymbolsTXA' in version `bold'

(Font)                  U/ntxexa/m/n --> U/ntxexa/b/n on input line 662.
\tx@sbptoks=\toks36
LaTeX Font Info:    Redeclaring math delimiter \lfloor on input line 885.
LaTeX Font Info:    Redeclaring math delimiter \rfloor on input line 886.
LaTeX Font Info:    Redeclaring math delimiter \lceil on input line 887.
LaTeX Font Info:    Redeclaring math delimiter \rceil on input line 888.
LaTeX Font Info:    Redeclaring math delimiter \lbrace on input line 893.
LaTeX Font Info:    Redeclaring math delimiter \rbrace on input line 894.
LaTeX Font Info:    Redeclaring math delimiter \langle on input line 896.
LaTeX Font Info:    Redeclaring math delimiter \rangle on input line 898.
LaTeX Font Info:    Redeclaring math delimiter \arrowvert on input line 902.
LaTeX Font Info:    Redeclaring math delimiter \vert on input line 903.
LaTeX Font Info:    Redeclaring math accent \dot on input line 974.
LaTeX Font Info:    Redeclaring math accent \ddot on input line 975.
LaTeX Font Info:    Redeclaring math accent \vec on input line 2048.
LaTeX Info: Redefining \Bbbk on input line 2838.
LaTeX Info: Redefining \not on input line 2986.
LaTeX Info: Redefining \textsquare on input line 3016.
LaTeX Info: Redefining \openbox on input line 3018.
) (d:/latex/texlive/2024/texmf-dist/tex/latex/caption/caption.sty
Package: caption 2023/08/05 v3.6o Customizing captions (AR)

(d:/latex/texlive/2024/texmf-dist/tex/latex/caption/caption3.sty
Package: caption3 2023/07/31 v2.4d caption3 kernel (AR)
\caption@tempdima=\dimen182
\captionmargin=\dimen183
\caption@leftmargin=\dimen184
\caption@rightmargin=\dimen185
\caption@width=\dimen186
\caption@indent=\dimen187
\caption@parindent=\dimen188
\caption@hangindent=\dimen189
Package caption Info: AMS or SMF document class detected.

(d:/latex/texlive/2024/texmf-dist/tex/latex/caption/caption-ams-smf.sto
File: caption-ams-smf.sto 2020/08/22 v2.0 Adaption of the caption package to th
e AMS and SMF document classes (AR)
))
\c@caption@flags=\count306
\c@continuedfloat=\count307
Package caption Info: hyperref package is loaded.
)
(d:/latex/texlive/2024/texmf-dist/tex/latex/float/float.sty
Package: float 2001/11/08 v1.3d Float enhancements (AL)
\c@float@type=\count308
\float@exts=\toks37
\float@box=\box55
\@float@everytoks=\toks38
\@floatcapt=\box56
)
\@float@every@sidebar=\toks39
\c@sidebar=\count309
\fulltextwidth=\dimen190
\@ACM@labelwidth=\dimen191
\listisep=\skip62
\num@authorgroups=\count310
\num@authors=\count311
\@ACM@badge@width=\skip63
\@ACM@title@width=\skip64
\@ACM@badge@skip=\skip65
Class acmart Info: Printing CCS on input line 1848.
Class acmart Info: Printing bibformat on input line 1848.
Class acmart Info: Printing folios on input line 1850.
Class acmart Info: Setting authorsperrow to 0 on input line 1858.

(d:/latex/texlive/2024/texmf-dist/tex/latex/comment/comment.sty
\CommentStream=\write3

Excluding comment 'comment') Excluding comment 'CCSXML'
\c@@concepts=\count312
\mktitle@bx=\box57
\@ACM@acmcpbox=\box58
\@ACM@commabox=\box59
\author@bx=\box60
\author@bx@wd=\dimen192
\author@bx@sep=\skip66

(d:/latex/texlive/2024/texmf-dist/tex/latex/fancyhdr/fancyhdr.sty
Package: fancyhdr 2022/11/09 v4.1 Extensive control of page headers and footers

\f@nch@headwidth=\skip67
\f@nch@O@elh=\skip68
\f@nch@O@erh=\skip69
\f@nch@O@olh=\skip70
\f@nch@O@orh=\skip71
\f@nch@O@elf=\skip72
\f@nch@O@erf=\skip73
\f@nch@O@olf=\skip74
\f@nch@O@orf=\skip75
)
\ACM@linecount@bx=\box61
\ACM@linecount@bxht=\skip76
\ACM@linecount=\count313

Special comment 'acks'
LaTeX Font Info:    Trying to load font information for T1+LinuxLibertineT-TLF 
on input line 3652.

(d:/latex/texlive/2024/texmf-dist/tex/latex/libertine/T1LinuxLibertineT-TLF.fd
File: T1LinuxLibertineT-TLF.fd 2017/03/20 (autoinst) Font definitions for T1/Li
nuxLibertineT-TLF.
)
LaTeX Font Info:    Font shape `T1/LinuxLibertineT-TLF/m/n' will be
(Font)              scaled to size 9.0pt on input line 3652.
)
Class acmart Info: Using journal code csur on input line 4.
 (d:/latex/texlive/2024/texmf-dist/tex/latex/pgf/frontendlayer/tikz.sty
(d:/latex/texlive/2024/texmf-dist/tex/latex/pgf/basiclayer/pgf.sty
(d:/latex/texlive/2024/texmf-dist/tex/latex/pgf/utilities/pgfrcs.sty
(d:/latex/texlive/2024/texmf-dist/tex/generic/pgf/utilities/pgfutil-common.tex
\pgfutil@everybye=\toks40
\pgfutil@tempdima=\dimen193
\pgfutil@tempdimb=\dimen194
) (d:/latex/texlive/2024/texmf-dist/tex/generic/pgf/utilities/pgfutil-latex.def
\pgfutil@abb=\box62
) (d:/latex/texlive/2024/texmf-dist/tex/generic/pgf/utilities/pgfrcs.code.tex
(d:/latex/texlive/2024/texmf-dist/tex/generic/pgf/pgf.revision.tex)
Package: pgfrcs 2023-01-15 v3.1.10 (3.1.10)
))
Package: pgf 2023-01-15 v3.1.10 (3.1.10)

(d:/latex/texlive/2024/texmf-dist/tex/latex/pgf/basiclayer/pgfcore.sty
(d:/latex/texlive/2024/texmf-dist/tex/latex/pgf/systemlayer/pgfsys.sty
(d:/latex/texlive/2024/texmf-dist/tex/generic/pgf/systemlayer/pgfsys.code.tex
Package: pgfsys 2023-01-15 v3.1.10 (3.1.10)

(d:/latex/texlive/2024/texmf-dist/tex/generic/pgf/utilities/pgfkeys.code.tex
\pgfkeys@pathtoks=\toks41
\pgfkeys@temptoks=\toks42

(d:/latex/texlive/2024/texmf-dist/tex/generic/pgf/utilities/pgfkeyslibraryfilte
red.code.tex
\pgfkeys@tmptoks=\toks43
))
\pgf@x=\dimen195
\pgf@y=\dimen196
\pgf@xa=\dimen197
\pgf@ya=\dimen198
\pgf@xb=\dimen199
\pgf@yb=\dimen256
\pgf@xc=\dimen257
\pgf@yc=\dimen258
\pgf@xd=\dimen259
\pgf@yd=\dimen260
\w@pgf@writea=\write4
\r@pgf@reada=\read3
\c@pgf@counta=\count314
\c@pgf@countb=\count315
\c@pgf@countc=\count316
\c@pgf@countd=\count317
\t@pgf@toka=\toks44
\t@pgf@tokb=\toks45
\t@pgf@tokc=\toks46
\pgf@sys@id@count=\count318

(d:/latex/texlive/2024/texmf-dist/tex/generic/pgf/systemlayer/pgf.cfg
File: pgf.cfg 2023-01-15 v3.1.10 (3.1.10)
)
Driver file for pgf: pgfsys-pdftex.def

(d:/latex/texlive/2024/texmf-dist/tex/generic/pgf/systemlayer/pgfsys-pdftex.def
File: pgfsys-pdftex.def 2023-01-15 v3.1.10 (3.1.10)

(d:/latex/texlive/2024/texmf-dist/tex/generic/pgf/systemlayer/pgfsys-common-pdf
.def
File: pgfsys-common-pdf.def 2023-01-15 v3.1.10 (3.1.10)
)))
(d:/latex/texlive/2024/texmf-dist/tex/generic/pgf/systemlayer/pgfsyssoftpath.co
de.tex
File: pgfsyssoftpath.code.tex 2023-01-15 v3.1.10 (3.1.10)
\pgfsyssoftpath@smallbuffer@items=\count319
\pgfsyssoftpath@bigbuffer@items=\count320
)
(d:/latex/texlive/2024/texmf-dist/tex/generic/pgf/systemlayer/pgfsysprotocol.co
de.tex
File: pgfsysprotocol.code.tex 2023-01-15 v3.1.10 (3.1.10)
))
(d:/latex/texlive/2024/texmf-dist/tex/generic/pgf/basiclayer/pgfcore.code.tex
Package: pgfcore 2023-01-15 v3.1.10 (3.1.10)

(d:/latex/texlive/2024/texmf-dist/tex/generic/pgf/math/pgfmath.code.tex
(d:/latex/texlive/2024/texmf-dist/tex/generic/pgf/math/pgfmathutil.code.tex)
(d:/latex/texlive/2024/texmf-dist/tex/generic/pgf/math/pgfmathparser.code.tex
\pgfmath@dimen=\dimen261
\pgfmath@count=\count321
\pgfmath@box=\box63
\pgfmath@toks=\toks47
\pgfmath@stack@operand=\toks48
\pgfmath@stack@operation=\toks49
)
(d:/latex/texlive/2024/texmf-dist/tex/generic/pgf/math/pgfmathfunctions.code.te
x)
(d:/latex/texlive/2024/texmf-dist/tex/generic/pgf/math/pgfmathfunctions.basic.c
ode.tex)
(d:/latex/texlive/2024/texmf-dist/tex/generic/pgf/math/pgfmathfunctions.trigono
metric.code.tex)
(d:/latex/texlive/2024/texmf-dist/tex/generic/pgf/math/pgfmathfunctions.random.
code.tex)
(d:/latex/texlive/2024/texmf-dist/tex/generic/pgf/math/pgfmathfunctions.compari
son.code.tex)
(d:/latex/texlive/2024/texmf-dist/tex/generic/pgf/math/pgfmathfunctions.base.co
de.tex)
(d:/latex/texlive/2024/texmf-dist/tex/generic/pgf/math/pgfmathfunctions.round.c
ode.tex)
(d:/latex/texlive/2024/texmf-dist/tex/generic/pgf/math/pgfmathfunctions.misc.co
de.tex)
(d:/latex/texlive/2024/texmf-dist/tex/generic/pgf/math/pgfmathfunctions.integer
arithmetics.code.tex)
(d:/latex/texlive/2024/texmf-dist/tex/generic/pgf/math/pgfmathcalc.code.tex)
(d:/latex/texlive/2024/texmf-dist/tex/generic/pgf/math/pgfmathfloat.code.tex
\c@pgfmathroundto@lastzeros=\count322
))
(d:/latex/texlive/2024/texmf-dist/tex/generic/pgf/math/pgfint.code.tex)
(d:/latex/texlive/2024/texmf-dist/tex/generic/pgf/basiclayer/pgfcorepoints.code
.tex
File: pgfcorepoints.code.tex 2023-01-15 v3.1.10 (3.1.10)
\pgf@picminx=\dimen262
\pgf@picmaxx=\dimen263
\pgf@picminy=\dimen264
\pgf@picmaxy=\dimen265
\pgf@pathminx=\dimen266
\pgf@pathmaxx=\dimen267
\pgf@pathminy=\dimen268
\pgf@pathmaxy=\dimen269
\pgf@xx=\dimen270
\pgf@xy=\dimen271
\pgf@yx=\dimen272
\pgf@yy=\dimen273
\pgf@zx=\dimen274
\pgf@zy=\dimen275
)
(d:/latex/texlive/2024/texmf-dist/tex/generic/pgf/basiclayer/pgfcorepathconstru
ct.code.tex
File: pgfcorepathconstruct.code.tex 2023-01-15 v3.1.10 (3.1.10)
\pgf@path@lastx=\dimen276
\pgf@path@lasty=\dimen277
)
(d:/latex/texlive/2024/texmf-dist/tex/generic/pgf/basiclayer/pgfcorepathusage.c
ode.tex
File: pgfcorepathusage.code.tex 2023-01-15 v3.1.10 (3.1.10)
\pgf@shorten@end@additional=\dimen278
\pgf@shorten@start@additional=\dimen279
)
(d:/latex/texlive/2024/texmf-dist/tex/generic/pgf/basiclayer/pgfcorescopes.code
.tex
File: pgfcorescopes.code.tex 2023-01-15 v3.1.10 (3.1.10)
\pgfpic=\box64
\pgf@hbox=\box65
\pgf@layerbox@main=\box66
\pgf@picture@serial@count=\count323
)
(d:/latex/texlive/2024/texmf-dist/tex/generic/pgf/basiclayer/pgfcoregraphicstat
e.code.tex
File: pgfcoregraphicstate.code.tex 2023-01-15 v3.1.10 (3.1.10)
\pgflinewidth=\dimen280
)
(d:/latex/texlive/2024/texmf-dist/tex/generic/pgf/basiclayer/pgfcoretransformat
ions.code.tex
File: pgfcoretransformations.code.tex 2023-01-15 v3.1.10 (3.1.10)
\pgf@pt@x=\dimen281
\pgf@pt@y=\dimen282
\pgf@pt@temp=\dimen283
)
(d:/latex/texlive/2024/texmf-dist/tex/generic/pgf/basiclayer/pgfcorequick.code.
tex
File: pgfcorequick.code.tex 2023-01-15 v3.1.10 (3.1.10)
)
(d:/latex/texlive/2024/texmf-dist/tex/generic/pgf/basiclayer/pgfcoreobjects.cod
e.tex
File: pgfcoreobjects.code.tex 2023-01-15 v3.1.10 (3.1.10)
)
(d:/latex/texlive/2024/texmf-dist/tex/generic/pgf/basiclayer/pgfcorepathprocess
ing.code.tex
File: pgfcorepathprocessing.code.tex 2023-01-15 v3.1.10 (3.1.10)
)
(d:/latex/texlive/2024/texmf-dist/tex/generic/pgf/basiclayer/pgfcorearrows.code
.tex
File: pgfcorearrows.code.tex 2023-01-15 v3.1.10 (3.1.10)
\pgfarrowsep=\dimen284
)
(d:/latex/texlive/2024/texmf-dist/tex/generic/pgf/basiclayer/pgfcoreshade.code.
tex
File: pgfcoreshade.code.tex 2023-01-15 v3.1.10 (3.1.10)
\pgf@max=\dimen285
\pgf@sys@shading@range@num=\count324
\pgf@shadingcount=\count325
)
(d:/latex/texlive/2024/texmf-dist/tex/generic/pgf/basiclayer/pgfcoreimage.code.
tex
File: pgfcoreimage.code.tex 2023-01-15 v3.1.10 (3.1.10)
)
(d:/latex/texlive/2024/texmf-dist/tex/generic/pgf/basiclayer/pgfcoreexternal.co
de.tex
File: pgfcoreexternal.code.tex 2023-01-15 v3.1.10 (3.1.10)
\pgfexternal@startupbox=\box67
)
(d:/latex/texlive/2024/texmf-dist/tex/generic/pgf/basiclayer/pgfcorelayers.code
.tex
File: pgfcorelayers.code.tex 2023-01-15 v3.1.10 (3.1.10)
)
(d:/latex/texlive/2024/texmf-dist/tex/generic/pgf/basiclayer/pgfcoretransparenc
y.code.tex
File: pgfcoretransparency.code.tex 2023-01-15 v3.1.10 (3.1.10)
)
(d:/latex/texlive/2024/texmf-dist/tex/generic/pgf/basiclayer/pgfcorepatterns.co
de.tex
File: pgfcorepatterns.code.tex 2023-01-15 v3.1.10 (3.1.10)
)
(d:/latex/texlive/2024/texmf-dist/tex/generic/pgf/basiclayer/pgfcorerdf.code.te
x
File: pgfcorerdf.code.tex 2023-01-15 v3.1.10 (3.1.10)
)))
(d:/latex/texlive/2024/texmf-dist/tex/generic/pgf/modules/pgfmoduleshapes.code.
tex
File: pgfmoduleshapes.code.tex 2023-01-15 v3.1.10 (3.1.10)
\pgfnodeparttextbox=\box68
)
(d:/latex/texlive/2024/texmf-dist/tex/generic/pgf/modules/pgfmoduleplot.code.te
x
File: pgfmoduleplot.code.tex 2023-01-15 v3.1.10 (3.1.10)
)
(d:/latex/texlive/2024/texmf-dist/tex/latex/pgf/compatibility/pgfcomp-version-0
-65.sty
Package: pgfcomp-version-0-65 2023-01-15 v3.1.10 (3.1.10)
\pgf@nodesepstart=\dimen286
\pgf@nodesepend=\dimen287
)
(d:/latex/texlive/2024/texmf-dist/tex/latex/pgf/compatibility/pgfcomp-version-1
-18.sty
Package: pgfcomp-version-1-18 2023-01-15 v3.1.10 (3.1.10)
)) (d:/latex/texlive/2024/texmf-dist/tex/latex/pgf/utilities/pgffor.sty
(d:/latex/texlive/2024/texmf-dist/tex/latex/pgf/utilities/pgfkeys.sty
(d:/latex/texlive/2024/texmf-dist/tex/generic/pgf/utilities/pgfkeys.code.tex))
(d:/latex/texlive/2024/texmf-dist/tex/latex/pgf/math/pgfmath.sty
(d:/latex/texlive/2024/texmf-dist/tex/generic/pgf/math/pgfmath.code.tex))
(d:/latex/texlive/2024/texmf-dist/tex/generic/pgf/utilities/pgffor.code.tex
Package: pgffor 2023-01-15 v3.1.10 (3.1.10)
\pgffor@iter=\dimen288
\pgffor@skip=\dimen289
\pgffor@stack=\toks50
\pgffor@toks=\toks51
))
(d:/latex/texlive/2024/texmf-dist/tex/generic/pgf/frontendlayer/tikz/tikz.code.
tex
Package: tikz 2023-01-15 v3.1.10 (3.1.10)

(d:/latex/texlive/2024/texmf-dist/tex/generic/pgf/libraries/pgflibraryplothandl
ers.code.tex
File: pgflibraryplothandlers.code.tex 2023-01-15 v3.1.10 (3.1.10)
\pgf@plot@mark@count=\count326
\pgfplotmarksize=\dimen290
)
\tikz@lastx=\dimen291
\tikz@lasty=\dimen292
\tikz@lastxsaved=\dimen293
\tikz@lastysaved=\dimen294
\tikz@lastmovetox=\dimen295
\tikz@lastmovetoy=\dimen296
\tikzleveldistance=\dimen297
\tikzsiblingdistance=\dimen298
\tikz@figbox=\box69
\tikz@figbox@bg=\box70
\tikz@tempbox=\box71
\tikz@tempbox@bg=\box72
\tikztreelevel=\count327
\tikznumberofchildren=\count328
\tikznumberofcurrentchild=\count329
\tikz@fig@count=\count330

(d:/latex/texlive/2024/texmf-dist/tex/generic/pgf/modules/pgfmodulematrix.code.
tex
File: pgfmodulematrix.code.tex 2023-01-15 v3.1.10 (3.1.10)
\pgfmatrixcurrentrow=\count331
\pgfmatrixcurrentcolumn=\count332
\pgf@matrix@numberofcolumns=\count333
)
\tikz@expandcount=\count334

(d:/latex/texlive/2024/texmf-dist/tex/generic/pgf/frontendlayer/tikz/libraries/
tikzlibrarytopaths.code.tex
File: tikzlibrarytopaths.code.tex 2023-01-15 v3.1.10 (3.1.10)
)))
(d:/latex/texlive/2024/texmf-dist/tex/generic/pgf/frontendlayer/tikz/libraries/
tikzlibrarypositioning.code.tex
File: tikzlibrarypositioning.code.tex 2023-01-15 v3.1.10 (3.1.10)
)
(d:/latex/texlive/2024/texmf-dist/tex/generic/pgf/libraries/pgflibraryarrows.me
ta.code.tex
File: pgflibraryarrows.meta.code.tex 2023-01-15 v3.1.10 (3.1.10)
\pgfarrowinset=\dimen299
\pgfarrowlength=\dimen300
\pgfarrowwidth=\dimen301
\pgfarrowlinewidth=\dimen302
)
(d:/latex/texlive/2024/texmf-dist/tex/generic/pgf/frontendlayer/tikz/libraries/
tikzlibraryshapes.code.tex
File: tikzlibraryshapes.code.tex 2023-01-15 v3.1.10 (3.1.10)

(d:/latex/texlive/2024/texmf-dist/tex/generic/pgf/frontendlayer/tikz/libraries/
tikzlibraryshapes.geometric.code.tex
File: tikzlibraryshapes.geometric.code.tex 2023-01-15 v3.1.10 (3.1.10)

(d:/latex/texlive/2024/texmf-dist/tex/generic/pgf/libraries/shapes/pgflibrarysh
apes.geometric.code.tex
File: pgflibraryshapes.geometric.code.tex 2023-01-15 v3.1.10 (3.1.10)
))
(d:/latex/texlive/2024/texmf-dist/tex/generic/pgf/frontendlayer/tikz/libraries/
tikzlibraryshapes.misc.code.tex
File: tikzlibraryshapes.misc.code.tex 2023-01-15 v3.1.10 (3.1.10)

(d:/latex/texlive/2024/texmf-dist/tex/generic/pgf/libraries/shapes/pgflibrarysh
apes.misc.code.tex
File: pgflibraryshapes.misc.code.tex 2023-01-15 v3.1.10 (3.1.10)
))
(d:/latex/texlive/2024/texmf-dist/tex/generic/pgf/frontendlayer/tikz/libraries/
tikzlibraryshapes.symbols.code.tex
File: tikzlibraryshapes.symbols.code.tex 2023-01-15 v3.1.10 (3.1.10)

(d:/latex/texlive/2024/texmf-dist/tex/generic/pgf/libraries/shapes/pgflibrarysh
apes.symbols.code.tex
File: pgflibraryshapes.symbols.code.tex 2023-01-15 v3.1.10 (3.1.10)
))
(d:/latex/texlive/2024/texmf-dist/tex/generic/pgf/frontendlayer/tikz/libraries/
tikzlibraryshapes.arrows.code.tex
File: tikzlibraryshapes.arrows.code.tex 2023-01-15 v3.1.10 (3.1.10)

(d:/latex/texlive/2024/texmf-dist/tex/generic/pgf/libraries/shapes/pgflibrarysh
apes.arrows.code.tex
File: pgflibraryshapes.arrows.code.tex 2023-01-15 v3.1.10 (3.1.10)
))
(d:/latex/texlive/2024/texmf-dist/tex/generic/pgf/frontendlayer/tikz/libraries/
tikzlibraryshapes.callouts.code.tex
(d:/latex/texlive/2024/texmf-dist/tex/generic/pgf/libraries/shapes/pgflibrarysh
apes.callouts.code.tex))
(d:/latex/texlive/2024/texmf-dist/tex/generic/pgf/frontendlayer/tikz/libraries/
tikzlibraryshapes.multipart.code.tex
File: tikzlibraryshapes.multipart.code.tex 2023-01-15 v3.1.10 (3.1.10)

(d:/latex/texlive/2024/texmf-dist/tex/generic/pgf/libraries/shapes/pgflibrarysh
apes.multipart.code.tex
File: pgflibraryshapes.multipart.code.tex 2023-01-15 v3.1.10 (3.1.10)
\pgfnodepartlowerbox=\box73
\pgfnodeparttwobox=\box74
\pgfnodepartthreebox=\box75
\pgfnodepartfourbox=\box76
\pgfnodeparttwentybox=\box77
\pgfnodepartnineteenbox=\box78
\pgfnodeparteighteenbox=\box79
\pgfnodepartseventeenbox=\box80
\pgfnodepartsixteenbox=\box81
\pgfnodepartfifteenbox=\box82
\pgfnodepartfourteenbox=\box83
\pgfnodepartthirteenbox=\box84
\pgfnodeparttwelvebox=\box85
\pgfnodepartelevenbox=\box86
\pgfnodeparttenbox=\box87
\pgfnodepartninebox=\box88
\pgfnodeparteightbox=\box89
\pgfnodepartsevenbox=\box90
\pgfnodepartsixbox=\box91
\pgfnodepartfivebox=\box92
)))
(d:/latex/texlive/2024/texmf-dist/tex/generic/pgf/frontendlayer/tikz/libraries/
tikzlibraryfit.code.tex
File: tikzlibraryfit.code.tex 2023-01-15 v3.1.10 (3.1.10)
)
(d:/latex/texlive/2024/texmf-dist/tex/generic/pgf/frontendlayer/tikz/libraries/
tikzlibrarybackgrounds.code.tex
File: tikzlibrarybackgrounds.code.tex 2023-01-15 v3.1.10 (3.1.10)
\pgf@layerbox@background=\box93
\pgf@layerboxsaved@background=\box94
)
(d:/latex/texlive/2024/texmf-dist/tex/generic/pgf/frontendlayer/tikz/libraries/
tikzlibrarycalc.code.tex
File: tikzlibrarycalc.code.tex 2023-01-15 v3.1.10 (3.1.10)
)
(d:/latex/texlive/2024/texmf-dist/tex/generic/pgf/frontendlayer/tikz/libraries/
tikzlibrarydecorations.pathreplacing.code.tex
(d:/latex/texlive/2024/texmf-dist/tex/generic/pgf/frontendlayer/tikz/libraries/
tikzlibrarydecorations.code.tex
(d:/latex/texlive/2024/texmf-dist/tex/generic/pgf/modules/pgfmoduledecorations.
code.tex
\pgfdecoratedcompleteddistance=\dimen303
\pgfdecoratedremainingdistance=\dimen304
\pgfdecoratedinputsegmentcompleteddistance=\dimen305
\pgfdecoratedinputsegmentremainingdistance=\dimen306
\pgf@decorate@distancetomove=\dimen307
\pgf@decorate@repeatstate=\count335
\pgfdecorationsegmentamplitude=\dimen308
\pgfdecorationsegmentlength=\dimen309
)
\tikz@lib@dec@box=\box95
)
(d:/latex/texlive/2024/texmf-dist/tex/generic/pgf/libraries/decorations/pgflibr
arydecorations.pathreplacing.code.tex))
(d:/latex/texlive/2024/texmf-dist/tex/generic/pgf/frontendlayer/tikz/libraries/
tikzlibrarybabel.code.tex
File: tikzlibrarybabel.code.tex 2023-01-15 v3.1.10 (3.1.10)
)
Package hyperref Info: Option `colorlinks' set `true' on input line 19.
Package hyperref Info: Option `pdfdisplaydoctitle' set `true' on input line 19.

\c@theorem=\count336
 Include comment 'screenonly'
Excluding comment 'printonly' Include comment 'anonsuppress'
(d:/latex/texlive/2024/texmf-dist/tex/latex/l3backend/l3backend-pdftex.def
File: l3backend-pdftex.def 2024-02-20 L3 backend support: PDF output (pdfTeX)
\l__color_backend_stack_int=\count337
\l__pdf_internal_box=\box96
)
(./paper_a_control_deployment.aux)
\openout1 = `paper_a_control_deployment.aux'.

LaTeX Font Info:    Checking defaults for OML/nxlmi/m/it on input line 19.
LaTeX Font Info:    Trying to load font information for OML+nxlmi on input line
 19.

(d:/latex/texlive/2024/texmf-dist/tex/latex/newtx/omlnxlmi.fd
File: omlnxlmi.fd 2013/11/19 Fontinst v1.933 font definitions for OML/nxlmi.
)
LaTeX Font Info:    ... okay on input line 19.
LaTeX Font Info:    Checking defaults for OMS/cmsy/m/n on input line 19.
LaTeX Font Info:    ... okay on input line 19.
LaTeX Font Info:    Checking defaults for OT1/cmr/m/n on input line 19.
LaTeX Font Info:    ... okay on input line 19.
LaTeX Font Info:    Checking defaults for T1/cmr/m/n on input line 19.
LaTeX Font Info:    ... okay on input line 19.
LaTeX Font Info:    Checking defaults for TS1/cmr/m/n on input line 19.
LaTeX Font Info:    ... okay on input line 19.
LaTeX Font Info:    Checking defaults for OMX/cmex/m/n on input line 19.
LaTeX Font Info:    ... okay on input line 19.
LaTeX Font Info:    Checking defaults for U/ntxexa/m/n on input line 19.
LaTeX Font Info:    Trying to load font information for U+ntxexa on input line 
19.

(d:/latex/texlive/2024/texmf-dist/tex/latex/newtx/untxexa.fd
File: untxexa.fd 2012/04/16 Fontinst v1.933 font definitions for U/ntxexa.
)
LaTeX Font Info:    ... okay on input line 19.
LaTeX Font Info:    Checking defaults for PD1/pdf/m/n on input line 19.
LaTeX Font Info:    ... okay on input line 19.
LaTeX Font Info:    Checking defaults for PU/pdf/m/n on input line 19.
LaTeX Font Info:    ... okay on input line 19.
LaTeX Font Info:    Checking defaults for LMS/ntxsy/m/n on input line 19.
LaTeX Font Info:    Trying to load font information for LMS+ntxsy on input line
 19.

(d:/latex/texlive/2024/texmf-dist/tex/latex/newtx/lmsntxsy.fd
File: lmsntxsy.fd 2016/07/02 Fontinst v1.933 font definitions for LMS/ntxsy.
)
LaTeX Font Info:    ... okay on input line 19.
LaTeX Font Info:    Checking defaults for LMX/ntxexx/m/n on input line 19.
LaTeX Font Info:    Trying to load font information for LMX+ntxexx on input lin
e 19.

(d:/latex/texlive/2024/texmf-dist/tex/latex/newtx/lmxntxexx.fd
File: lmxntxexx.fd 2016/07/03 Fontinst v1.933 font definitions for LMX/ntxexx.
)
LaTeX Font Info:    ... okay on input line 19.
LaTeX Font Info:    Font shape `T1/LinuxLibertineT-TLF/m/n' will be
(Font)              scaled to size 7.0pt on input line 19.
LaTeX Font Info:    Trying to load font information for OT1+LinuxLibertineT-TLF
 on input line 19.

(d:/latex/texlive/2024/texmf-dist/tex/latex/libertine/OT1LinuxLibertineT-TLF.fd
File: OT1LinuxLibertineT-TLF.fd 2017/03/20 (autoinst) Font definitions for OT1/
LinuxLibertineT-TLF.
)
LaTeX Font Info:    Font shape `OT1/LinuxLibertineT-TLF/m/n' will be
(Font)              scaled to size 7.3pt on input line 19.
<<ot1.cmap>>
LaTeX Font Info:    Font shape `OT1/LinuxLibertineT-TLF/m/n' will be
(Font)              scaled to size 5.5pt on input line 19.
<<oml.cmap>>
LaTeX Font Info:    Trying to load font information for U+msa on input line 19.


(d:/latex/texlive/2024/texmf-dist/tex/latex/amsfonts/umsa.fd
File: umsa.fd 2013/01/14 v3.01 AMS symbols A
)
LaTeX Font Info:    Trying to load font information for U+msb on input line 19.


(d:/latex/texlive/2024/texmf-dist/tex/latex/amsfonts/umsb.fd
File: umsb.fd 2013/01/14 v3.01 AMS symbols B
)
LaTeX Font Info:    Trying to load font information for U+ntxmia on input line 
19.

(d:/latex/texlive/2024/texmf-dist/tex/latex/newtx/untxmia.fd
File: untxmia.fd 2018/04/14 Fontinst v1.933 font definitions for U/ntxmia.
)
LaTeX Font Info:    Trying to load font information for U+ntxsym on input line 
19.

(d:/latex/texlive/2024/texmf-dist/tex/latex/newtx/untxsym.fd
File: untxsym.fd 2023/08/16 Fontinst v1.933 font definitions for U/ntxsym.
)
LaTeX Font Info:    Trying to load font information for U+ntxsyc on input line 
19.

(d:/latex/texlive/2024/texmf-dist/tex/latex/newtx/untxsyc.fd
File: untxsyc.fd 2012/04/12 Fontinst v1.933 font definitions for U/ntxsyc.
)
LaTeX Info: Command `\dddot' is already robust on input line 19.
LaTeX Info: Command `\ddddot' is already robust on input line 19.
LaTeX Info: Redefining \microtypecontext on input line 19.
Package microtype Info: Applying patch `item' on input line 19.
Package microtype Info: Applying patch `toc' on input line 19.
Package microtype Info: Applying patch `eqnum' on input line 19.
Package microtype Info: Applying patch `footnote' on input line 19.
Package microtype Info: Applying patch `verbatim' on input line 19.
Package microtype Info: Generating PDF output.
Package microtype Info: Character protrusion enabled (level 2).
Package microtype Info: Using default protrusion set `alltext'.
Package microtype Info: Automatic font expansion enabled (level 2),
(microtype)             stretch: 20, shrink: 20, step: 1, non-selected.
Package microtype Info: Using default expansion set `alltext-nott'.
LaTeX Info: Redefining \showhyphens on input line 19.
Package microtype Info: No adjustment of tracking.
Package microtype Info: No adjustment of interword spacing.
Package microtype Info: No adjustment of character kerning.
Package microtype Info: Loading generic protrusion settings for font family
(microtype)             `LinuxLibertineT-TLF' (encoding: T1).
(microtype)             For optimal results, create family-specific settings.
(microtype)             See the microtype manual for details.
Package hyperref Info: Link coloring ON on input line 19.

(./paper_a_control_deployment.out) (./paper_a_control_deployment.out)
\@outlinefile=\write5
\openout5 = `paper_a_control_deployment.out'.


(d:/latex/texlive/2024/texmf-dist/tex/context/base/mkii/supp-pdf.mkii
[Loading MPS to PDF converter (version 2006.09.02).]
\scratchcounter=\count338
\scratchdimen=\dimen310
\scratchbox=\box97
\nofMPsegments=\count339
\nofMParguments=\count340
\everyMPshowfont=\toks52
\MPscratchCnt=\count341
\MPscratchDim=\dimen311
\MPnumerator=\count342
\makeMPintoPDFobject=\count343
\everyMPtoPDFconversion=\toks53
) (d:/latex/texlive/2024/texmf-dist/tex/latex/epstopdf-pkg/epstopdf-base.sty
Package: epstopdf-base 2020-01-24 v2.11 Base part for package epstopdf
Package epstopdf-base Info: Redefining graphics rule for `.eps' on input line 4
85.

(d:/latex/texlive/2024/texmf-dist/tex/latex/latexconfig/epstopdf-sys.cfg
File: epstopdf-sys.cfg 2010/07/13 v1.3 Configuration of (r)epstopdf for TeX Liv
e
))
*geometry* driver: auto-detecting
*geometry* detected driver: pdftex
*geometry* verbose mode - [ preamble ] result:
* driver: pdftex
* paper: letterpaper
* layout: <same size as paper>
* layoutoffset:(h,v)=(0.0pt,0.0pt)
* modes: twoside heightrounded 
* h-part:(L,W,R)=(73.71613pt, 430.00462pt, 110.57425pt)
* v-part:(T,H,B)=(95.39737pt, 556.47656pt, 143.09605pt)
* \paperwidth=614.295pt
* \paperheight=794.96999pt
* \textwidth=430.00462pt
* \textheight=560.0pt
* \oddsidemargin=1.44614pt
* \evensidemargin=38.30426pt
* \topmargin=-3.87262pt
* \headheight=13.0pt
* \headsep=14.0pt
* \topskip=10.0pt
* \footskip=12.0pt
* \marginparwidth=72.0pt
* \marginparsep=11.0pt
* \columnsep=10.0pt
* \skip\footins=7.0pt plus 11.0pt
* \hoffset=0.0pt
* \voffset=0.0pt
* \mag=1000
* \@twocolumnfalse
* \@twosidetrue
* \@mparswitchtrue
* \@reversemarginfalse
* (1in=72.27pt=25.4mm, 1cm=28.453pt)

\c@mv@tabular=\count344
\c@mv@boldtabular=\count345
(d:/latex/texlive/2024/texmf-dist/tex/latex/upquote/upquote.sty
Package: upquote 2012/04/19 v1.3 upright-quote and grave-accent glyphs in verba
tim
)
Package caption Info: Begin \AtBeginDocument code.
Package caption Info: float package is loaded.
Package caption Info: End \AtBeginDocument code.

Excluding 'CCSXML' comment.
LaTeX Font Info:    Font shape `T1/LinuxLibertineT-TLF/m/n' will be
(Font)              scaled to size 12.0pt on input line 64.
LaTeX Font Info:    Trying to load font information for T1+LinuxBiolinumT-TLF o
n input line 64.

(d:/latex/texlive/2024/texmf-dist/tex/latex/libertine/T1LinuxBiolinumT-TLF.fd
File: T1LinuxBiolinumT-TLF.fd 2017/03/20 (autoinst) Font definitions for T1/Lin
uxBiolinumT-TLF.
)
LaTeX Font Info:    Font shape `T1/LinuxBiolinumT-TLF/m/n' will be
(Font)              scaled to size 12.0pt on input line 64.
Package microtype Info: Loading generic protrusion settings for font family
(microtype)             `LinuxBiolinumT-TLF' (encoding: T1).
(microtype)             For optimal results, create family-specific settings.
(microtype)             See the microtype manual for details.
LaTeX Font Info:    Font shape `T1/LinuxBiolinumT-TLF/b/n' will be
(Font)              scaled to size 12.0pt on input line 64.
LaTeX Font Info:    Font shape `T1/LinuxLibertineT-TLF/m/n' will be
(Font)              scaled to size 10.95pt on input line 64.
LaTeX Font Info:    Font shape `T1/LinuxBiolinumT-TLF/m/n' will be
(Font)              scaled to size 10.95pt on input line 64.
LaTeX Font Info:    Font shape `T1/LinuxBiolinumT-TLF/m/n' will be
(Font)              scaled to size 9.0pt on input line 64.
LaTeX Font Info:    Trying to load font information for TS1+LinuxLibertineT-TLF
 on input line 64.

(d:/latex/texlive/2024/texmf-dist/tex/latex/libertine/TS1LinuxLibertineT-TLF.fd
File: TS1LinuxLibertineT-TLF.fd 2017/03/20 (autoinst) Font definitions for TS1/
LinuxLibertineT-TLF.
)
LaTeX Font Info:    Font shape `TS1/LinuxLibertineT-TLF/m/n' will be
(Font)              scaled to size 7.0pt on input line 64.
Package microtype Info: Loading generic protrusion settings for font family
(microtype)             `LinuxLibertineT-TLF' (encoding: TS1).
(microtype)             For optimal results, create family-specific settings.
(microtype)             See the microtype manual for details.
LaTeX Font Info:    Font shape `T1/LinuxLibertineT-TLF/m/n' will be
(Font)              scaled to size 8.0pt on input line 64.
LaTeX Font Info:    Font shape `TS1/LinuxLibertineT-TLF/m/n' will be
(Font)              scaled to size 8.0pt on input line 64.
LaTeX Font Info:    Font shape `T1/LinuxLibertineT-TLF/b/n' will be
(Font)              scaled to size 8.0pt on input line 64.
LaTeX Font Info:    Font shape `OT1/LinuxLibertineT-TLF/m/n' will be
(Font)              scaled to size 8.0pt on input line 64.
Package microtype Info: Loading generic protrusion settings for font family
(microtype)             `LinuxLibertineT-TLF' (encoding: OT1).
(microtype)             For optimal results, create family-specific settings.
(microtype)             See the microtype manual for details.
LaTeX Font Info:    Font shape `OT1/LinuxLibertineT-TLF/m/n' will be
(Font)              scaled to size 6.2pt on input line 64.
 (d:/latex/texlive/2024/texmf-dist/tex/latex/microtype/mt-msa.cfg
File: mt-msa.cfg 2006/02/04 v1.1 microtype config. file: AMS symbols (a) (RS)
)
(d:/latex/texlive/2024/texmf-dist/tex/latex/microtype/mt-msb.cfg
File: mt-msb.cfg 2005/06/01 v1.0 microtype config. file: AMS symbols (b) (RS)
)
LaTeX Font Info:    Font shape `T1/LinuxLibertineT-TLF/m/it' will be
(Font)              scaled to size 8.0pt on input line 64.
LaTeX Font Info:    Font shape `T1/LinuxBiolinumT-TLF/b/n' will be
(Font)              scaled to size 9.0pt on input line 67.
LaTeX Font Info:    Font shape `T1/LinuxLibertineT-TLF/m/n' will be
(Font)              scaled to size 6.0pt on input line 78.
 [1.1{d:/latex/texlive/2024/texmf-var/fonts/map/pdftex/updmap/pdftex.map}{d:/la
tex/texlive/2024/texmf-dist/fonts/enc/dvips/libertine/lbtn_76gpa5.enc}{d:/latex
/texlive/2024/texmf-dist/fonts/enc/dvips/libertine/lbtn_25tcsq.enc}{d:/latex/te
xlive/2024/texmf-dist/fonts/enc/dvips/libertine/lbtn_naooyc.enc}{d:/latex/texli
ve/2024/texmf-dist/fonts/enc/dvips/libertine/lbtn_nh77jq.enc}{d:/latex/texlive/
2024/texmf-dist/fonts/enc/dvips/libertine/lbtn_7grukw.enc}]
LaTeX Font Info:    Font shape `OT1/LinuxLibertineT-TLF/m/n' will be
(Font)              scaled to size 9.0pt on input line 80.
LaTeX Font Info:    Font shape `T1/LinuxLibertineT-TLF/b/n' will be
(Font)              scaled to size 9.0pt on input line 83.
LaTeX Font Info:    Font shape `T1/LinuxLibertineT-TLF/m/it' will be
(Font)              scaled to size 9.0pt on input line 100.
 [2.2]
Underfull \vbox (badness 3884) has occurred while \output is active []

 [3.3]
LaTeX Font Info:    Font shape `T1/LinuxBiolinumT-TLF/m/n' will be
(Font)              scaled to size 8.0pt on input line 158.

Underfull \hbox (badness 2735) in paragraph at lines 164--165
[]\T1/LinuxLibertineT-TLF/m/n/9 (+20) Candidate bib-li-og-ra-phy with source ti
er,
 []


Underfull \hbox (badness 10000) in paragraph at lines 165--165
\T1/LinuxLibertineT-TLF/m/n/9 (+20) preferred-conference, supplementary-
 []


Underfull \hbox (badness 10000) in paragraph at lines 165--165
\T1/LinuxLibertineT-TLF/m/n/9 (+20) high-quality, adjacent-context, or
 []


Underfull \hbox (badness 4291) in paragraph at lines 166--166
[]\T1/LinuxLibertineT-TLF/m/n/9 (+20) Inspect pub-lisher page, in-sti-tu-tional

 []


Underfull \hbox (badness 3219) in paragraph at lines 166--167
[]\T1/LinuxLibertineT-TLF/m/n/9 (+20) Verified ev-i-dence ta-ble; no title-only
 or
 []

[4.4] [5.5]
LaTeX Font Info:    Font shape `T1/LinuxLibertineT-TLF/m/it' will be
(Font)              scaled to size 7.0pt on input line 227.


Class acmart Warning: A possible image without description on input line 236.

[6.6]
Underfull \vbox (badness 10000) has occurred while \output is active []

 [7.7]
[8.8]
Underfull \vbox (badness 10000) has occurred while \output is active []

 [9.9]
Underfull \vbox (badness 10000) has occurred while \output is active []

 [10.10]
Underfull \hbox (badness 1400) in paragraph at lines 393--393
[]\T1/LinuxLibertineT-TLF/m/n/9 (+20) Discrete switch ac-tion; con-tin-u-ous
 []


Underfull \hbox (badness 10000) in paragraph at lines 394--394
\T1/LinuxLibertineT-TLF/m/n/9 (+20) set; robust-control wrap-per; Lya-
 []


Underfull \hbox (badness 10000) in paragraph at lines 394--394
\T1/LinuxLibertineT-TLF/m/n/9 (+20) punov/barrier cer-tifi-cate; run-time
 []


Underfull \hbox (badness 10000) in paragraph at lines 394--394
\T1/LinuxLibertineT-TLF/m/n/9 (+20) shield; fall-back con-troller; post-
 []


Underfull \hbox (badness 3826) in paragraph at lines 395--395
[]\T1/LinuxLibertineT-TLF/m/n/9 (+20) Deployment ma-tu-
 []


Underfull \hbox (badness 10000) in paragraph at lines 396--396
[]\T1/LinuxLibertineT-TLF/m/n/9 (+20) Computational
 []


Underfull \hbox (badness 1412) in paragraph at lines 396--396
\T1/LinuxLibertineT-TLF/m/n/9 (+20) line adap-ta-tion; mem-ory foot-print;
 []


Underfull \hbox (badness 1831) in paragraph at lines 397--397
\T1/LinuxLibertineT-TLF/m/n/9 (+20) clus-ter; DAB/SST shar-ing; DC mi-
 []


Underfull \vbox (badness 10000) has occurred while \output is active []

 [11.11]
LaTeX Font Info:    Font shape `T1/LinuxLibertineT-TLF/b/n' will be
(Font)              scaled to size 7.0pt on input line 451.


Class acmart Warning: A possible image without description on input line 469.

[12.12] [13.13] [14.14]
Underfull \vbox (badness 1231) has occurred while \output is active []

 [15.15]
[16.16]

Class acmart Warning: A possible image without description on input line 649.

[17.17{d:/latex/texlive/2024/texmf-dist/fonts/enc/dvips/libertine/lbtn_oexx6f.e
nc}] [18.18] [19.19] [20.20]
Underfull \hbox (badness 10000) in paragraph at lines 789--789
[]\T1/LinuxLibertineT-TLF/m/n/8 (+20) Verified al-go-rithm
 []


Underfull \hbox (badness 10000) in paragraph at lines 791--791
[]\T1/LinuxLibertineT-TLF/m/n/8 (+20) Hajihosseini et
 []


Underfull \hbox (badness 10000) in paragraph at lines 791--791
\T1/LinuxLibertineT-TLF/m/n/8 (+20) no ver-i-fied DDPG,
 []


Underfull \hbox (badness 5446) in paragraph at lines 791--791
\T1/LinuxLibertineT-TLF/m/n/8 (+20) PPO, SAC, TD3, or
 []


Underfull \hbox (badness 10000) in paragraph at lines 791--791
[]\T1/LinuxLibertineT-TLF/m/n/8 (+20) Online adap-ta-tion of
 []


Underfull \hbox (badness 3039) in paragraph at lines 791--791
[]\T1/LinuxLibertineT-TLF/m/n/8 (+20) Real-time testbed ev-i-
 []


Underfull \hbox (badness 10000) in paragraph at lines 791--792
[]\T1/LinuxLibertineT-TLF/m/n/8 (+20) Use for real-time
 []


Underfull \hbox (badness 10000) in paragraph at lines 791--792
\T1/LinuxLibertineT-TLF/m/n/8 (+20) de-ploy-ment and hy-
 []


Underfull \hbox (badness 3492) in paragraph at lines 791--792
\T1/LinuxLibertineT-TLF/m/n/8 (+20) brid adap-tive con-trol;
 []


Underfull \hbox (badness 6758) in paragraph at lines 791--792
\T1/LinuxLibertineT-TLF/m/n/8 (+20) ex-clude from named-
 []


Underfull \hbox (badness 10000) in paragraph at lines 792--792
[]\T1/LinuxLibertineT-TLF/m/n/8 (+20) Compensation around
 []


Underfull \hbox (badness 10000) in paragraph at lines 792--792
\T1/LinuxLibertineT-TLF/m/n/8 (+20) non-lin-ear disturbance-
 []


Underfull \hbox (badness 10000) in paragraph at lines 792--792
\T1/LinuxLibertineT-TLF/m/n/8 (+20) observer/backstepping
 []


Underfull \hbox (badness 10000) in paragraph at lines 792--793
[]\T1/LinuxLibertineT-TLF/m/n/8 (+20) Use as TD3-assisted
 []


Underfull \hbox (badness 10000) in paragraph at lines 792--793
\T1/LinuxLibertineT-TLF/m/n/8 (+20) non-lin-ear com-pen-sa-
 []


Underfull \hbox (badness 10000) in paragraph at lines 793--793
[]\T1/LinuxLibertineT-TLF/m/n/8 (+20) Fathollahi et
 []


Underfull \hbox (badness 10000) in paragraph at lines 793--793
[]\T1/LinuxLibertineT-TLF/m/n/8 (+20) SAC is secondary-
 []


Underfull \hbox (badness 10000) in paragraph at lines 793--793
[]\T1/LinuxLibertineT-TLF/m/n/8 (+20) Provisional ro-bust
 []


Underfull \hbox (badness 10000) in paragraph at lines 793--793
\T1/LinuxLibertineT-TLF/m/n/8 (+20) nonlinear-control pa-
 []


Underfull \hbox (badness 10000) in paragraph at lines 793--793
[]\T1/LinuxLibertineT-TLF/m/n/8 (+20) Provisional HIL/real-
 []


Underfull \hbox (badness 10000) in paragraph at lines 793--793
\T1/LinuxLibertineT-TLF/m/n/8 (+20) time claim pend-ing
 []


Underfull \hbox (badness 7116) in paragraph at lines 793--793
\T1/LinuxLibertineT-TLF/m/n/8 (+20) source-level con-fir-ma-
 []


Underfull \hbox (badness 7047) in paragraph at lines 793--794
[]\T1/LinuxLibertineT-TLF/m/n/8 (+20) Keep con-di-tional; ex-
 []


Underfull \hbox (badness 4001) in paragraph at lines 793--794
\T1/LinuxLibertineT-TLF/m/n/8 (+20) clude from al-go-rithm
 []


Underfull \hbox (badness 8151) in paragraph at lines 794--794
[]\T1/LinuxLibertineT-TLF/m/n/8 (+20) Coefficient de-sign for a
 []


Underfull \hbox (badness 10000) in paragraph at lines 794--794
\T1/LinuxLibertineT-TLF/m/n/8 (+20) model-free sliding-mode
 []


Underfull \hbox (badness 1735) in paragraph at lines 794--794
[]\T1/LinuxLibertineT-TLF/m/n/8 (+20) OPAL-RT HIL sim-u-la-
 []


Underfull \hbox (badness 10000) in paragraph at lines 794--795
[]\T1/LinuxLibertineT-TLF/m/n/8 (+20) Use as PPO-assisted
 []


Underfull \hbox (badness 7326) in paragraph at lines 794--795
\T1/LinuxLibertineT-TLF/m/n/8 (+20) robust-control tun-ing;
 []


Underfull \hbox (badness 10000) in paragraph at lines 794--795
\T1/LinuxLibertineT-TLF/m/n/8 (+20) not di-rect learned
 []


Underfull \hbox (badness 10000) in paragraph at lines 795--795
[]\T1/LinuxLibertineT-TLF/m/n/8 (+20) DDPG-supported
 []


Underfull \hbox (badness 1552) in paragraph at lines 795--795
[]\T1/LinuxLibertineT-TLF/m/n/8 (+20) Coefficient de-sign em-bed-
 []


Underfull \hbox (badness 2617) in paragraph at lines 795--796
[]\T1/LinuxLibertineT-TLF/m/n/8 (+20) Reclassify from main-
 []


Underfull \hbox (badness 10000) in paragraph at lines 795--796
\T1/LinuxLibertineT-TLF/m/n/8 (+20) te-nance to hy-brid
 []


Underfull \hbox (badness 10000) in paragraph at lines 795--796
\T1/LinuxLibertineT-TLF/m/n/8 (+20) MPC con-trol; count
 []


Underfull \hbox (badness 10000) in paragraph at lines 795--796
\T1/LinuxLibertineT-TLF/m/n/8 (+20) as DDPG-assisted
 []


Underfull \hbox (badness 10000) in paragraph at lines 795--796
\T1/LinuxLibertineT-TLF/m/n/8 (+20) validation-platform
 []

[21.21] [22.22]

Class acmart Warning: \vspace should only be used to provide space above/below 
surrounding objects on input line 823.


Underfull \hbox (badness 10000) in paragraph at lines 842--842
[]\T1/LinuxLibertineT-TLF/m/n/9 (+20) Deployment-readiness
 []


Underfull \hbox (badness 1360) in paragraph at lines 842--843
[]\T1/LinuxLibertineT-TLF/m/n/9 (+20) Do not use venue pres-tige or hardware-
 []


Underfull \hbox (badness 10000) in paragraph at lines 842--843
\T1/LinuxLibertineT-TLF/m/n/9 (+20) sounding word-ing as a sub-sti-tute for
 []


Underfull \hbox (badness 10000) in paragraph at lines 843--843
[]\T1/LinuxLibertineT-TLF/m/n/9 (+20) Computational-
 []


Underfull \hbox (badness 3260) in paragraph at lines 844--844
[]\T1/LinuxLibertineT-TLF/m/n/9 (+20) Timeline or adop-tion
 []


Class acmart Warning: A possible image without description on input line 889.

[23.23] [24.24]
Underfull \hbox (badness 4543) in paragraph at lines 918--918
[]\T1/LinuxLibertineT-TLF/m/n/8 (+20) Valid. ma-tu-
 []


Underfull \hbox (badness 10000) in paragraph at lines 920--920
[]\T1/LinuxLibertineT-TLF/m/n/8 (+20) Hajihosseini et
 []


Underfull \hbox (badness 10000) in paragraph at lines 920--920
[]\T1/LinuxLibertineT-TLF/m/n/8 (+20) Hybrid: ULM
 []


Underfull \hbox (badness 10000) in paragraph at lines 920--920
[]\T1/LinuxLibertineT-TLF/m/n/8 (+20) Level 2
 []


Underfull \hbox (badness 1308) in paragraph at lines 920--920
\T1/LinuxLibertineT-TLF/m/n/8 (+20) time em-bed-
 []


Underfull \hbox (badness 10000) in paragraph at lines 921--921
\T1/LinuxLibertineT-TLF/m/n/8 (+20) step-ping
 []


Underfull \hbox (badness 10000) in paragraph at lines 921--921
[]\T1/LinuxLibertineT-TLF/m/n/8 (+20) Exp. val-i-da-
 []


Underfull \hbox (badness 10000) in paragraph at lines 922--922
[]\T1/LinuxLibertineT-TLF/m/n/8 (+20) Gheisarnejad et
 []


Underfull \hbox (badness 10000) in paragraph at lines 922--922
[]\T1/LinuxLibertineT-TLF/m/n/8 (+20) Hybrid: coef.
 []


Underfull \hbox (badness 10000) in paragraph at lines 922--922
[]\T1/LinuxLibertineT-TLF/m/n/8 (+20) Level 3
 []


Underfull \hbox (badness 10000) in paragraph at lines 922--922
\T1/LinuxLibertineT-TLF/m/n/8 (+20) (C-HIL,
 []


Underfull \hbox (badness 10000) in paragraph at lines 923--923
[]\T1/LinuxLibertineT-TLF/m/n/8 (+20) Hybrid: MPC
 []


Underfull \hbox (badness 10000) in paragraph at lines 923--923
[]\T1/LinuxLibertineT-TLF/m/n/8 (+20) Level 1
 []


Underfull \hbox (badness 10000) in paragraph at lines 923--923
\T1/LinuxLibertineT-TLF/m/n/8 (+20) (con-strained
 []


Underfull \hbox (badness 10000) in paragraph at lines 924--924
[]\T1/LinuxLibertineT-TLF/m/n/8 (+20) Level 1
 []


Underfull \hbox (badness 10000) in paragraph at lines 924--924
\T1/LinuxLibertineT-TLF/m/n/8 (+20) (re-ward
 []


Underfull \hbox (badness 10000) in paragraph at lines 924--924
[]\T1/LinuxLibertineT-TLF/m/n/8 (+20) HIL claim
 []


Underfull \hbox (badness 10000) in paragraph at lines 925--925
[]\T1/LinuxLibertineT-TLF/m/n/8 (+20) Direct: mod.
 []


Underfull \hbox (badness 1337) in paragraph at lines 925--925
[]\T1/LinuxLibertineT-TLF/m/n/8 (+20) Q-learning /
 []


Underfull \hbox (badness 10000) in paragraph at lines 927--927
[]\T1/LinuxLibertineT-TLF/m/n/8 (+20) Gheisarnejad &
 []


Underfull \hbox (badness 10000) in paragraph at lines 927--927
[]\T1/LinuxLibertineT-TLF/m/n/8 (+20) Direct: real-
 []

[25.25]
Underfull \hbox (badness 1762) in paragraph at lines 972--972
[]\T1/LinuxLibertineT-TLF/m/n/9 (+20) Safety and sta-bil-ity
 []


Underfull \hbox (badness 2573) in paragraph at lines 972--972
\T1/LinuxLibertineT-TLF/m/n/9 (+20) ar-gu-ment, ro-bust wrap-per, shield-ing
 []


Underfull \hbox (badness 10000) in paragraph at lines 973--973
[]\T1/LinuxLibertineT-TLF/m/n/9 (+20) Deployment ev-i-
 []


Underfull \hbox (badness 10000) in paragraph at lines 973--973
[]\T1/LinuxLibertineT-TLF/m/n/9 (+20) Processor or real-time sim-u-la-tor,
 []


Underfull \hbox (badness 10000) in paragraph at lines 973--973
\T1/LinuxLibertineT-TLF/m/n/9 (+20) HIL/prototype setup, mea-sure-ment
 []


Underfull \hbox (badness 10000) in paragraph at lines 974--974
[]\T1/LinuxLibertineT-TLF/m/n/9 (+20) Reproducibility
 []


Underfull \hbox (badness 10000) in paragraph at lines 974--974
[]\T1/LinuxLibertineT-TLF/m/n/9 (+20) Code, trained pol-icy, en-vi-ron-ment,
 []

[26.26] [27.27]
Underfull \hbox (badness 10000) in paragraph at lines 1033--1033
\T1/LinuxLibertineT-TLF/m/n/9 (+20) row sim-u-la-tions fail
 []


Underfull \hbox (badness 1158) in paragraph at lines 1033--1033
\T1/LinuxLibertineT-TLF/m/n/9 (+20) un-der un-mod-eled load,
 []


Underfull \hbox (badness 3579) in paragraph at lines 1033--1033
\T1/LinuxLibertineT-TLF/m/n/9 (+20) source, and pa-ram-e-ter
 []


Underfull \hbox (badness 10000) in paragraph at lines 1033--1033
[]\T1/LinuxLibertineT-TLF/m/n/9 (+20) Domain ran-dom-iza-tion,
 []


Underfull \hbox (badness 10000) in paragraph at lines 1033--1033
\T1/LinuxLibertineT-TLF/m/n/9 (+20) uncertainty-aware RL,
 []


Underfull \hbox (badness 10000) in paragraph at lines 1033--1033
\T1/LinuxLibertineT-TLF/m/n/9 (+20) system-identification loops,
 []


Underfull \hbox (badness 10000) in paragraph at lines 1033--1033
[]\T1/LinuxLibertineT-TLF/m/n/9 (+20) Worst-case volt-
 []


Underfull \hbox (badness 10000) in paragraph at lines 1033--1033
\T1/LinuxLibertineT-TLF/m/n/9 (+20) age/current de-vi-a-tion,
 []


Underfull \hbox (badness 1189) in paragraph at lines 1033--1034
\T1/LinuxLibertineT-TLF/m/n/9 (+20) ers feed-ing CPLs un-der
 []


Underfull \hbox (badness 4353) in paragraph at lines 1033--1034
\T1/LinuxLibertineT-TLF/m/n/9 (+20) abrupt load and input-
 []


Underfull \hbox (badness 10000) in paragraph at lines 1034--1034
[]\T1/LinuxLibertineT-TLF/m/n/9 (+20) Constrained RL, control-
 []


Underfull \hbox (badness 10000) in paragraph at lines 1034--1034
\T1/LinuxLibertineT-TLF/m/n/9 (+20) guided crit-ics, run-time
 []


Underfull \hbox (badness 3019) in paragraph at lines 1035--1035
[]\T1/LinuxLibertineT-TLF/m/n/9 (+20) Real-time fea-si-bil-ity is
 []


Underfull \hbox (badness 2744) in paragraph at lines 1035--1035
\T1/LinuxLibertineT-TLF/m/n/9 (+20) tor net-works, quan-ti-za-tion,
 []


Underfull \hbox (badness 2512) in paragraph at lines 1035--1035
\T1/LinuxLibertineT-TLF/m/n/9 (+20) foot-print, pro-ces-sor uti-
 []


Underfull \hbox (badness 3635) in paragraph at lines 1035--1035
\T1/LinuxLibertineT-TLF/m/n/9 (+20) mar-gin, and adap-ta-tion
 []


Underfull \hbox (badness 10000) in paragraph at lines 1035--1036
[]\T1/LinuxLibertineT-TLF/m/n/9 (+20) DSP/FPGA/MCU im-
 []


Underfull \hbox (badness 10000) in paragraph at lines 1035--1036
\T1/LinuxLibertineT-TLF/m/n/9 (+20) ple-men-ta-tion for sub-
 []


Underfull \hbox (badness 10000) in paragraph at lines 1035--1036
\T1/LinuxLibertineT-TLF/m/n/9 (+20) millisecond converter-
 []


Underfull \hbox (badness 10000) in paragraph at lines 1036--1036
[]\T1/LinuxLibertineT-TLF/m/n/9 (+20) Single-agent demon-
 []


Underfull \hbox (badness 3343) in paragraph at lines 1036--1036
\T1/LinuxLibertineT-TLF/m/n/9 (+20) stra-tions do not scale
 []


Underfull \hbox (badness 10000) in paragraph at lines 1036--1036
\T1/LinuxLibertineT-TLF/m/n/9 (+20) to converter-dense
 []


Underfull \hbox (badness 1337) in paragraph at lines 1036--1036
\T1/LinuxLibertineT-TLF/m/n/9 (+20) ni-ca-tion con-straints, graph-
 []


Underfull \hbox (badness 10000) in paragraph at lines 1036--1036
\T1/LinuxLibertineT-TLF/m/n/9 (+20) count, com-mu-ni-ca-tion
 []


Underfull \hbox (badness 10000) in paragraph at lines 1036--1037
[]\T1/LinuxLibertineT-TLF/m/n/9 (+20) Modular con-vert-ers,
 []


Underfull \hbox (badness 2237) in paragraph at lines 1036--1037
\T1/LinuxLibertineT-TLF/m/n/9 (+20) ISOP-DAB sys-tems, DC
 []


Underfull \hbox (badness 6268) in paragraph at lines 1036--1037
\T1/LinuxLibertineT-TLF/m/n/9 (+20) solid-state trans-form-ers,
 []


Underfull \hbox (badness 10000) in paragraph at lines 1036--1037
\T1/LinuxLibertineT-TLF/m/n/9 (+20) and converter-dense
 []


Underfull \hbox (badness 1688) in paragraph at lines 1037--1037
[]\T1/LinuxLibertineT-TLF/m/n/9 (+20) Results are dif-fi-cult to
 []


Underfull \hbox (badness 2310) in paragraph at lines 1037--1037
\T1/LinuxLibertineT-TLF/m/n/9 (+20) com-pare be-cause en-vi-
 []


Underfull \hbox (badness 10000) in paragraph at lines 1037--1037
[]\T1/LinuxLibertineT-TLF/m/n/9 (+20) Open bench-mark en-vi-
 []


Underfull \hbox (badness 10000) in paragraph at lines 1037--1037
\T1/LinuxLibertineT-TLF/m/n/9 (+20) ron-ments, stan-dard-ized
 []


Underfull \hbox (badness 2970) in paragraph at lines 1037--1037
[]\T1/LinuxLibertineT-TLF/m/n/9 (+20) Cross-paper com-pa-ra-bil-
 []


Underfull \hbox (badness 5607) in paragraph at lines 1037--1037
\T1/LinuxLibertineT-TLF/m/n/9 (+20) re-peata-bil-ity of trained
 []


Underfull \hbox (badness 7944) in paragraph at lines 1037--1038
[]\T1/LinuxLibertineT-TLF/m/n/9 (+20) Shared CSUR ev-i-dence
 []


Underfull \hbox (badness 10000) in paragraph at lines 1037--1038
\T1/LinuxLibertineT-TLF/m/n/9 (+20) pack-age for converter-
 []


Underfull \hbox (badness 10000) in paragraph at lines 1037--1038
\T1/LinuxLibertineT-TLF/m/n/9 (+20) control stud-ies across
 []


Underfull \hbox (badness 10000) in paragraph at lines 1037--1038
\T1/LinuxLibertineT-TLF/m/n/9 (+20) sim-u-la-tion, HIL, and
 []


Underfull \vbox (badness 1895) has occurred while \output is active []

 [28.28]
Underfull \vbox (badness 4048) has occurred while \output is active []

 [29.29]
Underfull \vbox (badness 10000) has occurred while \output is active []

 [30.30]
[31.31] (./paper_a_control_deployment.bbl
Underfull \vbox (badness 4048) has occurred while \output is active []

 [32.32]
Underfull \vbox (badness 10000) has occurred while \output is active []

 [33.33]
LaTeX Info: Redefining \tempurl on input line 635.
LaTeX Info: Redefining \tempurl on input line 682.

[34.34])

Class acmart Warning: Some images may lack descriptions.
(acmart)              ACM is committed to complying with the upcoming US ADA ht
tps://accessiblyapp.com/accessibility-compliance/ada/ and European Accessibilit
y Act (EAA) https://accessiblyapp.com/accessibility-compliance/eaa/ regulations
 by actively working to ensure our publications and application services are ac
cessible to individuals with disabilities, adhering to the WCAG guidelines to p
rovide a seamless experience for all users, and regularly reviewing our accessi
bility practices to maintain compliance with evolving standards. 
(acmart)              To this end, we strongly encourage our authors to provide
 alternative text and captions for images and multimedia content. It is also im
portant to optimize color contrast for the visually impaired. Taking these impo
rtant steps when creating your papers will ensure that the widest possible audi
ence can ingest your work..


Class acmart Warning: \vspace should only be used to provide space above/below 
surrounding objects on input line 1172.

(d:/latex/texlive/2024/texmf-dist/tex/generic/stringenc/se-pdfdoc.def
File: se-pdfdoc.def 2019/11/29 v1.12 stringenc: PDFDocEncoding
)
(d:/latex/texlive/2024/texmf-dist/tex/generic/stringenc/se-utf8.def
File: se-utf8.def 2019/11/29 v1.12 stringenc: UTF-8
) [35.35]
(./paper_a_control_deployment.aux)
 ***********
LaTeX2e <2023-11-01> patch level 1
L3 programming layer <2024-02-20>
 ***********


LaTeX Warning: Label(s) may have changed. Rerun to get cross-references right.

Package rerunfilecheck Info: File `paper_a_control_deployment.out' has not chan
ged.
(rerunfilecheck)             Checksum: 17CADF397F19217FF01C5A138DCC0300;12361.
 ) 
Here is how much of TeX's memory you used:
 34963 strings out of 474116
 665860 string characters out of 5744698
 1958190 words of memory out of 5000000
 55628 multiletter control sequences out of 15000+600000
 745866 words of font info for 565 fonts, out of 8000000 for 9000
 1302 hyphenation exceptions out of 8191
 90i,17n,131p,1023b,898s stack positions out of 10000i,1000n,20000p,200000b,200000s
<d:/latex/texlive/2024/texmf-dist/fonts/type1/public/newtx/LibertineMathMI.pf
b><d:/latex/texlive/2024/texmf-dist/fonts/type1/public/newtx/LibertineMathMI5.p
fb><d:/latex/texlive/2024/texmf-dist/fonts/type1/public/newtx/LibertineMathMI7.
pfb><d:/latex/texlive/2024/texmf-dist/fonts/type1/public/libertine/LinBiolinumT
.pfb><d:/latex/texlive/2024/texmf-dist/fonts/type1/public/libertine/LinBiolinum
TB.pfb><d:/latex/texlive/2024/texmf-dist/fonts/type1/public/libertine/LinLibert
ineT.pfb><d:/latex/texlive/2024/texmf-dist/fonts/type1/public/libertine/LinLibe
rtineTB.pfb><d:/latex/texlive/2024/texmf-dist/fonts/type1/public/libertine/LinL
ibertineTI.pfb><d:/latex/texlive/2024/texmf-dist/fonts/type1/public/newtx/txsys
.pfb>
Output written on paper_a_control_deployment.pdf (35 pages, 608230 bytes).
PDF statistics:
 863 PDF objects out of 1000 (max. 8388607)
 794 compressed objects within 8 object streams
 197 named destinations out of 1000 (max. 500000)
 88533 words of extra memory for PDF output out of 89155 (max. 10000000)

